<?xml version="1.0" encoding="UTF-8"?>
<testsuite name="com.Rioa.BlogApplicationTests" time="0.006" tests="1" errors="1" skipped="0" failures="0">
  <properties>
[...]
</properties>
  <testcase name="contextLoads" classname="com.Rioa.BlogApplicationTests" time="0.006">
    <error message="Failed to load ApplicationContext" type="java.lang.IllegalStateException">java.lang.IllegalStateException: Failed to load ApplicationContext
	at org.springframework.test.context.cache.DefaultCacheAwareContextLoaderDelegate.loadContext(DefaultCacheAwareContextLoaderDelegate.java:124)
	at org.springframework.test.context.support.DefaultTestContext.getApplicationContext(DefaultTestContext.java:83)
	at org.springframework.test.context.web.ServletTestExecutionListener.setUpRequestContextIfNecessary(ServletTestExecutionListener.java:189)
	at org.springframework.test.context.web.ServletTestExecutionListener.prepareTestInstance(ServletTestExecutionListener.java:131)
	at org.springframework.test.context.TestContextManager.prepareTestInstance(TestContextManager.java:230)
	at org.springframework.test.context.junit4.SpringJUnit4ClassRunner.createTest(SpringJUnit4ClassRunner.java:228)
	at org.springframework.test.context.junit4.SpringJUnit4ClassRunner$1.runReflectiveCall(SpringJUnit4ClassRunner.java:287)
	at org.junit.internal.runners.model.ReflectiveCallable.run(ReflectiveCallable.java:12)
	at org.springframework.test.context.junit4.SpringJUnit4ClassRunner.methodBlock(SpringJUnit4ClassRunner.java:289)
	at org.springframework.test.context.junit4.SpringJUnit4ClassRunner.runChild(SpringJUnit4ClassRunner.java:247)
	at org.springframework.test.context.junit4.SpringJUnit4ClassRunner.runChild(SpringJUnit4ClassRunner.java:94)
	at org.junit.runners.ParentRunner$3.run(ParentRunner.java:290)
	at org.junit.runners.ParentRunner$1.schedule(ParentRunner.java:71)
	at org.junit.runners.ParentRunner.runChildren(ParentRunner.java:288)
	at org.junit.runners.ParentRunner.access$000(ParentRunner.java:58)
	at org.junit.runners.ParentRunner$2.evaluate(ParentRunner.java:268)
	at org.springframework.test.context.junit4.statements.RunBeforeTestClassCallbacks.evaluate(RunBeforeTestClassCallbacks.java:61)
	at org.springframework.test.context.junit4.statements.RunAfterTestClassCallbacks.evaluate(RunAfterTestClassCallbacks.java:70)
	at org.junit.runners.ParentRunner.run(ParentRunner.java:363)
	at org.springframework.test.context.junit4.SpringJUnit4ClassRunner.run(SpringJUnit4ClassRunner.java:191)
	at org.apache.maven.surefire.junit4.JUnit4Provider.execute(JUnit4Provider.java:283)
	at org.apache.maven.surefire.junit4.JUnit4Provider.executeWithRerun(JUnit4Provider.java:173)
	at org.apache.maven.surefire.junit4.JUnit4Provider.executeTestSet(JUnit4Provider.java:153)
	at org.apache.maven.surefire.junit4.JUnit4Provider.invoke(JUnit4Provider.java:128)
	at org.apache.maven.surefire.booter.ForkedBooter.invokeProviderInSameClassLoader(ForkedBooter.java:203)
	at org.apache.maven.surefire.booter.ForkedBooter.runSuitesInProcess(ForkedBooter.java:155)
	at org.apache.maven.surefire.booter.ForkedBooter.main(ForkedBooter.java:103)
Caused by: org.springframework.beans.factory.BeanCreationException: Error creating bean with name 'entityManagerFactory' defined in class path resource [org/springframework/boot/autoconfigure/orm/jpa/HibernateJpaAutoConfiguration.class]: Invocation of init method failed; nested exception is org.hibernate.service.spi.ServiceException: Unable to create requested service [org.hibernate.engine.jdbc.env.spi.JdbcEnvironment]
	at org.springframework.beans.factory.support.AbstractAutowireCapableBeanFactory.initializeBean(AbstractAutowireCapableBeanFactory.java:1628)
	at org.springframework.beans.factory.support.AbstractAutowireCapableBeanFactory.doCreateBean(AbstractAutowireCapableBeanFactory.java:555)
	at org.springframework.beans.factory.support.AbstractAutowireCapableBeanFactory.createBean(AbstractAutowireCapableBeanFactory.java:483)
	at org.springframework.beans.factory.support.AbstractBeanFactory$1.getObject(AbstractBeanFactory.java:306)
	at org.springframework.beans.factory.support.DefaultSingletonBeanRegistry.getSingleton(DefaultSingletonBeanRegistry.java:230)
	at org.springframework.beans.factory.support.AbstractBeanFactory.doGetBean(AbstractBeanFactory.java:302)
	at org.springframework.beans.factory.support.AbstractBeanFactory.getBean(AbstractBeanFactory.java:197)
	at org.springframework.context.support.AbstractApplicationContext.getBean(AbstractApplicationContext.java:1078)
	at org.springframework.context.support.AbstractApplicationContext.finishBeanFactoryInitialization(AbstractApplicationContext.java:857)
	at org.springframework.context.support.AbstractApplicationContext.refresh(AbstractApplicationContext.java:543)
	at org.springframework.boot.SpringApplication.refresh(SpringApplication.java:693)
	at org.springframework.boot.SpringApplication.refreshContext(SpringApplication.java:360)
	at org.springframework.boot.SpringApplication.run(SpringApplication.java:303)
	at org.springframework.boot.test.context.SpringBootContextLoader.loadContext(SpringBootContextLoader.java:120)
	at org.springframework.test.context.cache.DefaultCacheAwareContextLoaderDelegate.loadContextInternal(DefaultCacheAwareContextLoaderDelegate.java:98)
	at org.springframework.test.context.cache.DefaultCacheAwareContextLoaderDelegate.loadContext(DefaultCacheAwareContextLoaderDelegate.java:116)
	at org.springframework.test.context.support.DefaultTestContext.getApplicationContext(DefaultTestContext.java:83)
	at org.springframework.test.context.web.ServletTestExecutionListener.setUpRequestContextIfNecessary(ServletTestExecutionListener.java:189)
	at org.springframework.test.context.web.ServletTestExecutionListener.prepareTestInstance(ServletTestExecutionListener.java:131)
	at org.springframework.test.context.TestContextManager.prepareTestInstance(TestContextManager.java:230)
	at org.springframework.test.context.junit4.SpringJUnit4ClassRunner.createTest(SpringJUnit4ClassRunner.java:228)
	at org.springframework.test.context.junit4.SpringJUnit4ClassRunner$1.runReflectiveCall(SpringJUnit4ClassRunner.java:287)
	at org.junit.internal.runners.model.ReflectiveCallable.run(ReflectiveCallable.java:12)
	at org.springframework.test.context.junit4.SpringJUnit4ClassRunner.methodBlock(SpringJUnit4ClassRunner.java:289)
	at org.springframework.test.context.junit4.SpringJUnit4ClassRunner.runChild(SpringJUnit4ClassRunner.java:247)
	at org.springframework.test.context.junit4.SpringJUnit4ClassRunner.runChild(SpringJUnit4ClassRunner.java:94)
	at org.junit.runners.ParentRunner$3.run(ParentRunner.java:290)
	at org.junit.runners.ParentRunner$1.schedule(ParentRunner.java:71)
	at org.junit.runners.ParentRunner.runChildren(ParentRunner.java:288)
	at org.junit.runners.ParentRunner.access$000(ParentRunner.java:58)
	at org.junit.runners.ParentRunner$2.evaluate(ParentRunner.java:268)
	at org.springframework.test.context.junit4.statements.RunBeforeTestClassCallbacks.evaluate(RunBeforeTestClassCallbacks.java:61)
	at org.springframework.test.context.junit4.statements.RunAfterTestClassCallbacks.evaluate(RunAfterTestClassCallbacks.java:70)
	at org.junit.runners.ParentRunner.run(ParentRunner.java:363)
	at org.springframework.test.context.junit4.SpringJUnit4ClassRunner.run(SpringJUnit4ClassRunner.java:191)
	at org.apache.maven.surefire.junit4.JUnit4Provider.execute(JUnit4Provider.java:283)
	at org.apache.maven.surefire.junit4.JUnit4Provider.executeWithRerun(JUnit4Provider.java:173)
	at org.apache.maven.surefire.junit4.JUnit4Provider.executeTestSet(JUnit4Provider.java:153)
	at org.apache.maven.surefire.junit4.JUnit4Provider.invoke(JUnit4Provider.java:128)
	at org.apache.maven.surefire.booter.ForkedBooter.invokeProviderInSameClassLoader(ForkedBooter.java:203)
	at org.apache.maven.surefire.booter.ForkedBooter.runSuitesInProcess(ForkedBooter.java:155)
	at org.apache.maven.surefire.booter.ForkedBooter.main(ForkedBooter.java:103)
Caused by: org.hibernate.service.spi.ServiceException: Unable to create requested service [org.hibernate.engine.jdbc.env.spi.JdbcEnvironment]
	at org.hibernate.service.internal.AbstractServiceRegistryImpl.createService(AbstractServiceRegistryImpl.java:264)
	at org.hibernate.service.internal.AbstractServiceRegistryImpl.initializeService(AbstractServiceRegistryImpl.java:228)
	at org.hibernate.service.internal.AbstractServiceRegistryImpl.getService(AbstractServiceRegistryImpl.java:207)
	at org.hibernate.engine.jdbc.internal.JdbcServicesImpl.configure(JdbcServicesImpl.java:51)
	at org.hibernate.boot.registry.internal.StandardServiceRegistryImpl.configureService(StandardServiceRegistryImpl.java:94)
	at org.hibernate.service.internal.AbstractServiceRegistryImpl.initializeService(AbstractServiceRegistryImpl.java:237)
	at org.hibernate.service.internal.AbstractServiceRegistryImpl.getService(AbstractServiceRegistryImpl.java:207)
	at org.hibernate.boot.model.process.spi.MetadataBuildingProcess.handleTypes(MetadataBuildingProcess.java:352)
	at org.hibernate.boot.model.process.spi.MetadataBuildingProcess.complete(MetadataBuildingProcess.java:111)
	at org.hibernate.jpa.boot.internal.EntityManagerFactoryBuilderImpl.metadata(EntityManagerFactoryBuilderImpl.java:847)
	at org.hibernate.jpa.boot.internal.EntityManagerFactoryBuilderImpl.build(EntityManagerFactoryBuilderImpl.java:874)
	at org.springframework.orm.jpa.vendor.SpringHibernateJpaPersistenceProvider.createContainerEntityManagerFactory(SpringHibernateJpaPersistenceProvider.java:60)
	at org.springframework.orm.jpa.LocalContainerEntityManagerFactoryBean.createNativeEntityManagerFactory(LocalContainerEntityManagerFactoryBean.java:353)
	at org.springframework.orm.jpa.AbstractEntityManagerFactoryBean.buildNativeEntityManagerFactory(AbstractEntityManagerFactoryBean.java:370)
	at org.springframework.orm.jpa.AbstractEntityManagerFactoryBean.afterPropertiesSet(AbstractEntityManagerFactoryBean.java:359)
	at org.springframework.beans.factory.support.AbstractAutowireCapableBeanFactory.invokeInitMethods(AbstractAutowireCapableBeanFactory.java:1687)
	at org.springframework.beans.factory.support.AbstractAutowireCapableBeanFactory.initializeBean(AbstractAutowireCapableBeanFactory.java:1624)
	at org.springframework.beans.factory.support.AbstractAutowireCapableBeanFactory.doCreateBean(AbstractAutowireCapableBeanFactory.java:555)
	at org.springframework.beans.factory.support.AbstractAutowireCapableBeanFactory.createBean(AbstractAutowireCapableBeanFactory.java:483)
	at org.springframework.beans.factory.support.AbstractBeanFactory$1.getObject(AbstractBeanFactory.java:306)
	at org.springframework.beans.factory.support.DefaultSingletonBeanRegistry.getSingleton(DefaultSingletonBeanRegistry.java:230)
	at org.springframework.beans.factory.support.AbstractBeanFactory.doGetBean(AbstractBeanFactory.java:302)
	at org.springframework.beans.factory.support.AbstractBeanFactory.getBean(AbstractBeanFactory.java:197)
	at org.springframework.context.support.AbstractApplicationContext.getBean(AbstractApplicationContext.java:1078)
	at org.springframework.context.support.AbstractApplicationContext.finishBeanFactoryInitialization(AbstractApplicationContext.java:857)
	at org.springframework.context.support.AbstractApplicationContext.refresh(AbstractApplicationContext.java:543)
	at org.springframework.boot.SpringApplication.refresh(SpringApplication.java:693)
	at org.springframework.boot.SpringApplication.refreshContext(SpringApplication.java:360)
	at org.springframework.boot.SpringApplication.run(SpringApplication.java:303)
	at org.springframework.boot.test.context.SpringBootContextLoader.loadContext(SpringBootContextLoader.java:120)
	at org.springframework.test.context.cache.DefaultCacheAwareContextLoaderDelegate.loadContextInternal(DefaultCacheAwareContextLoaderDelegate.java:98)
	at org.springframework.test.context.cache.DefaultCacheAwareContextLoaderDelegate.loadContext(DefaultCacheAwareContextLoaderDelegate.java:116)
	at org.springframework.test.context.support.DefaultTestContext.getApplicationContext(DefaultTestContext.java:83)
	at org.springframework.test.context.web.ServletTestExecutionListener.setUpRequestContextIfNecessary(ServletTestExecutionListener.java:189)
	at org.springframework.test.context.web.ServletTestExecutionListener.prepareTestInstance(ServletTestExecutionListener.java:131)
	at org.springframework.test.context.TestContextManager.prepareTestInstance(TestContextManager.java:230)
	at org.springframework.test.context.junit4.SpringJUnit4ClassRunner.createTest(SpringJUnit4ClassRunner.java:228)
	at org.springframework.test.context.junit4.SpringJUnit4ClassRunner$1.runReflectiveCall(SpringJUnit4ClassRunner.java:287)
	at org.junit.internal.runners.model.ReflectiveCallable.run(ReflectiveCallable.java:12)
	at org.springframework.test.context.junit4.SpringJUnit4ClassRunner.methodBlock(SpringJUnit4ClassRunner.java:289)
	at org.springframework.test.context.junit4.SpringJUnit4ClassRunner.runChild(SpringJUnit4ClassRunner.java:247)
	at org.springframework.test.context.junit4.SpringJUnit4ClassRunner.runChild(SpringJUnit4ClassRunner.java:94)
	at org.junit.runners.ParentRunner$3.run(ParentRunner.java:290)
	at org.junit.runners.ParentRunner$1.schedule(ParentRunner.java:71)
	at org.junit.runners.ParentRunner.runChildren(ParentRunner.java:288)
	at org.junit.runners.ParentRunner.access$000(ParentRunner.java:58)
	at org.junit.runners.ParentRunner$2.evaluate(ParentRunner.java:268)
	at org.springframework.test.context.junit4.statements.RunBeforeTestClassCallbacks.evaluate(RunBeforeTestClassCallbacks.java:61)
	at org.springframework.test.context.junit4.statements.RunAfterTestClassCallbacks.evaluate(RunAfterTestClassCallbacks.java:70)
	at org.junit.runners.ParentRunner.run(ParentRunner.java:363)
	at org.springframework.test.context.junit4.SpringJUnit4ClassRunner.run(SpringJUnit4ClassRunner.java:191)
	at org.apache.maven.surefire.junit4.JUnit4Provider.execute(JUnit4Provider.java:283)
	at org.apache.maven.surefire.junit4.JUnit4Provider.executeWithRerun(JUnit4Provider.java:173)
	at org.apache.maven.surefire.junit4.JUnit4Provider.executeTestSet(JUnit4Provider.java:153)
	at org.apache.maven.surefire.junit4.JUnit4Provider.invoke(JUnit4Provider.java:128)
	at org.apache.maven.surefire.booter.ForkedBooter.invokeProviderInSameClassLoader(ForkedBooter.java:203)
	at org.apache.maven.surefire.booter.ForkedBooter.runSuitesInProcess(ForkedBooter.java:155)
	at org.apache.maven.surefire.booter.ForkedBooter.main(ForkedBooter.java:103)
Caused by: org.hibernate.HibernateException: Access to DialectResolutionInfo cannot be null when 'hibernate.dialect' not set
	at org.hibernate.engine.jdbc.dialect.internal.DialectFactoryImpl.determineDialect(DialectFactoryImpl.java:100)
	at org.hibernate.engine.jdbc.dialect.internal.DialectFactoryImpl.buildDialect(DialectFactoryImpl.java:54)
	at org.hibernate.engine.jdbc.env.internal.JdbcEnvironmentInitiator.initiateService(JdbcEnvironmentInitiator.java:137)
	at org.hibernate.engine.jdbc.env.internal.JdbcEnvironmentInitiator.initiateService(JdbcEnvironmentInitiator.java:35)
	at org.hibernate.boot.registry.internal.StandardServiceRegistryImpl.initiateService(StandardServiceRegistryImpl.java:88)
	at org.hibernate.service.internal.AbstractServiceRegistryImpl.createService(AbstractServiceRegistryImpl.java:254)
	at org.hibernate.service.internal.AbstractServiceRegistryImpl.initializeService(AbstractServiceRegistryImpl.java:228)
	at org.hibernate.service.internal.AbstractServiceRegistryImpl.getService(AbstractServiceRegistryImpl.java:207)
	at org.hibernate.engine.jdbc.internal.JdbcServicesImpl.configure(JdbcServicesImpl.java:51)
	at org.hibernate.boot.registry.internal.StandardServiceRegistryImpl.configureService(StandardServiceRegistryImpl.java:94)
	at org.hibernate.service.internal.AbstractServiceRegistryImpl.initializeService(AbstractServiceRegistryImpl.java:237)
	at org.hibernate.service.internal.AbstractServiceRegistryImpl.getService(AbstractServiceRegistryImpl.java:207)
	at org.hibernate.boot.model.process.spi.MetadataBuildingProcess.handleTypes(MetadataBuildingProcess.java:352)
	at org.hibernate.boot.model.process.spi.MetadataBuildingProcess.complete(MetadataBuildingProcess.java:111)
	at org.hibernate.jpa.boot.internal.EntityManagerFactoryBuilderImpl.metadata(EntityManagerFactoryBuilderImpl.java:847)
	at org.hibernate.jpa.boot.internal.EntityManagerFactoryBuilderImpl.build(EntityManagerFactoryBuilderImpl.java:874)
	at org.springframework.orm.jpa.vendor.SpringHibernateJpaPersistenceProvider.createContainerEntityManagerFactory(SpringHibernateJpaPersistenceProvider.java:60)
	at org.springframework.orm.jpa.LocalContainerEntityManagerFactoryBean.createNativeEntityManagerFactory(LocalContainerEntityManagerFactoryBean.java:353)
	at org.springframework.orm.jpa.AbstractEntityManagerFactoryBean.buildNativeEntityManagerFactory(AbstractEntityManagerFactoryBean.java:370)
	at org.springframework.orm.jpa.AbstractEntityManagerFactoryBean.afterPropertiesSet(AbstractEntityManagerFactoryBean.java:359)
	at org.springframework.beans.factory.support.AbstractAutowireCapableBeanFactory.invokeInitMethods(AbstractAutowireCapableBeanFactory.java:1687)
	at org.springframework.beans.factory.support.AbstractAutowireCapableBeanFactory.initializeBean(AbstractAutowireCapableBeanFactory.java:1624)
	at org.springframework.beans.factory.support.AbstractAutowireCapableBeanFactory.doCreateBean(AbstractAutowireCapableBeanFactory.java:555)
	at org.springframework.beans.factory.support.AbstractAutowireCapableBeanFactory.createBean(AbstractAutowireCapableBeanFactory.java:483)
	at org.springframework.beans.factory.support.AbstractBeanFactory$1.getObject(AbstractBeanFactory.java:306)
	at org.springframework.beans.factory.support.DefaultSingletonBeanRegistry.getSingleton(DefaultSingletonBeanRegistry.java:230)
	at org.springframework.beans.factory.support.AbstractBeanFactory.doGetBean(AbstractBeanFactory.java:302)
	at org.springframework.beans.factory.support.AbstractBeanFactory.getBean(AbstractBeanFactory.java:197)
	at org.springframework.context.support.AbstractApplicationContext.getBean(AbstractApplicationContext.java:1078)
	at org.springframework.context.support.AbstractApplicationContext.finishBeanFactoryInitialization(AbstractApplicationContext.java:857)
	at org.springframework.context.support.AbstractApplicationContext.refresh(AbstractApplicationContext.java:543)
	at org.springframework.boot.SpringApplication.refresh(SpringApplication.java:693)
	at org.springframework.boot.SpringApplication.refreshContext(SpringApplication.java:360)
	at org.springframework.boot.SpringApplication.run(SpringApplication.java:303)
	at org.springframework.boot.test.context.SpringBootContextLoader.loadContext(SpringBootContextLoader.java:120)
	at org.springframework.test.context.cache.DefaultCacheAwareContextLoaderDelegate.loadContextInternal(DefaultCacheAwareContextLoaderDelegate.java:98)
	at org.springframework.test.context.cache.DefaultCacheAwareContextLoaderDelegate.loadContext(DefaultCacheAwareContextLoaderDelegate.java:116)
	at org.springframework.test.context.support.DefaultTestContext.getApplicationContext(DefaultTestContext.java:83)
	at org.springframework.test.context.web.ServletTestExecutionListener.setUpRequestContextIfNecessary(ServletTestExecutionListener.java:189)
	at org.springframework.test.context.web.ServletTestExecutionListener.prepareTestInstance(ServletTestExecutionListener.java:131)
	at org.springframework.test.context.TestContextManager.prepareTestInstance(TestContextManager.java:230)
	at org.springframework.test.context.junit4.SpringJUnit4ClassRunner.createTest(SpringJUnit4ClassRunner.java:228)
	at org.springframework.test.context.junit4.SpringJUnit4ClassRunner$1.runReflectiveCall(SpringJUnit4ClassRunner.java:287)
	at org.junit.internal.runners.model.ReflectiveCallable.run(ReflectiveCallable.java:12)
	at org.springframework.test.context.junit4.SpringJUnit4ClassRunner.methodBlock(SpringJUnit4ClassRunner.java:289)
	at org.springframework.test.context.junit4.SpringJUnit4ClassRunner.runChild(SpringJUnit4ClassRunner.java:247)
	at org.springframework.test.context.junit4.SpringJUnit4ClassRunner.runChild(SpringJUnit4ClassRunner.java:94)
	at org.junit.runners.ParentRunner$3.run(ParentRunner.java:290)
	at org.junit.runners.ParentRunner$1.schedule(ParentRunner.java:71)
	at org.junit.runners.ParentRunner.runChildren(ParentRunner.java:288)
	at org.junit.runners.ParentRunner.access$000(ParentRunner.java:58)
	at org.junit.runners.ParentRunner$2.evaluate(ParentRunner.java:268)
	at org.springframework.test.context.junit4.statements.RunBeforeTestClassCallbacks.evaluate(RunBeforeTestClassCallbacks.java:61)
	at org.springframework.test.context.junit4.statements.RunAfterTestClassCallbacks.evaluate(RunAfterTestClassCallbacks.java:70)
	at org.junit.runners.ParentRunner.run(ParentRunner.java:363)
	at org.springframework.test.context.junit4.SpringJUnit4ClassRunner.run(SpringJUnit4ClassRunner.java:191)
	at org.apache.maven.surefire.junit4.JUnit4Provider.execute(JUnit4Provider.java:283)
	at org.apache.maven.surefire.junit4.JUnit4Provider.executeWithRerun(JUnit4Provider.java:173)
	at org.apache.maven.surefire.junit4.JUnit4Provider.executeTestSet(JUnit4Provider.java:153)
	at org.apache.maven.surefire.junit4.JUnit4Provider.invoke(JUnit4Provider.java:128)
	at org.apache.maven.surefire.booter.ForkedBooter.invokeProviderInSameClassLoader(ForkedBooter.java:203)
	at org.apache.maven.surefire.booter.ForkedBooter.runSuitesInProcess(ForkedBooter.java:155)
	at org.apache.maven.surefire.booter.ForkedBooter.main(ForkedBooter.java:103)
</error>
    <system-out><![CDATA[22:41:10.909 [main] DEBUG org.springframework.test.context.junit4.SpringJUnit4ClassRunner - SpringJUnit4ClassRunner constructor called with [class com.Rioa.BlogApplicationTests]
22:41:10.913 [main] DEBUG org.springframework.test.context.BootstrapUtils - Instantiating CacheAwareContextLoaderDelegate from class [org.springframework.test.context.cache.DefaultCacheAwareContextLoaderDelegate]
22:41:10.918 [main] DEBUG org.springframework.test.context.BootstrapUtils - Instantiating BootstrapContext using constructor [public org.springframework.test.context.support.DefaultBootstrapContext(java.lang.Class,org.springframework.test.context.CacheAwareContextLoaderDelegate)]
22:41:10.928 [main] DEBUG org.springframework.test.context.BootstrapUtils - Instantiating TestContextBootstrapper for test class [com.Rioa.BlogApplicationTests] from class [org.springframework.boot.test.context.SpringBootTestContextBootstrapper]
22:41:10.935 [main] INFO org.springframework.boot.test.context.SpringBootTestContextBootstrapper - Neither @ContextConfiguration nor @ContextHierarchy found for test class [com.Rioa.BlogApplicationTests], using SpringBootContextLoader
22:41:10.937 [main] DEBUG org.springframework.test.context.support.AbstractContextLoader - Did not detect default resource location for test class [com.Rioa.BlogApplicationTests]: class path resource [com/Rioa/BlogApplicationTests-context.xml] does not exist
22:41:10.937 [main] DEBUG org.springframework.test.context.support.AbstractContextLoader - Did not detect default resource location for test class [com.Rioa.BlogApplicationTests]: class path resource [com/Rioa/BlogApplicationTestsContext.groovy] does not exist
22:41:10.937 [main] INFO org.springframework.test.context.support.AbstractContextLoader - Could not detect default resource locations for test class [com.Rioa.BlogApplicationTests]: no resource found for suffixes {-context.xml, Context.groovy}.
22:41:10.938 [main] INFO org.springframework.test.context.support.AnnotationConfigContextLoaderUtils - Could not detect default configuration classes for test class [com.Rioa.BlogApplicationTests]: BlogApplicationTests does not declare any static, non-private, non-final, nested classes annotated with @Configuration.
22:41:10.958 [main] DEBUG org.springframework.test.context.support.ActiveProfilesUtils - Could not find an 'annotation declaring class' for annotation type [org.springframework.test.context.ActiveProfiles] and class [com.Rioa.BlogApplicationTests]
22:41:10.963 [main] DEBUG org.springframework.core.env.StandardEnvironment - Adding PropertySource 'systemProperties' with lowest search precedence
22:41:10.964 [main] DEBUG org.springframework.core.env.StandardEnvironment - Adding PropertySource 'systemEnvironment' with lowest search precedence
22:41:10.965 [main] DEBUG org.springframework.core.env.StandardEnvironment - Initialized StandardEnvironment with PropertySources [MapPropertySource@1213216872 {name='systemProperties', properties={idea.version=2021.2, java.runtime.name=OpenJDK Runtime Environment, sun.boot.library.path=C:\Users\A\.jdks\corretto-1.8.0_292\jre\bin, java.vm.version=25.292-b10, java.vm.vendor=Amazon.com Inc., java.vendor.url=https://aws.amazon.com/corretto/, path.separator=;, java.vm.name=OpenJDK 64-Bit Server VM, file.encoding.pkg=sun.io, user.country=US, user.script=, sun.java.launcher=SUN_STANDARD, sun.os.patch.level=, java.vm.specification.name=Java Virtual Machine Specification, user.dir=E:\javacode\csnBlog, java.runtime.version=1.8.0_292-b10, basedir=E:\javacode\csnBlog, java.awt.graphicsenv=sun.awt.Win32GraphicsEnvironment, java.endorsed.dirs=C:\Users\A\.jdks\corretto-1.8.0_292\jre\lib\endorsed, os.arch=amd64, surefire.real.class.path=E:\javacode\csnBlog\target\surefire\surefirebooter1378324090652275872.jar, java.io.tmpdir=C:\Users\A\AppData\Local\Temp\, line.separator=
, java.vm.specification.vendor=Oracle Corporation, user.variant=, os.name=Windows 10, sun.jnu.encoding=GBK, java.library.path=C:\Users\A\.jdks\corretto-1.8.0_292\jre\bin;C:\Windows\Sun\Java\bin;C:\Windows\system32;C:\Windows;C:\Program Files (x86)\Common Files\Oracle\Java\javapath;C:\Program Files\Common Files\Oracle\Java\javapath;C:\Program Files (x86)\VMware\VMware Player\bin\;C:\Python39\Scripts\;C:\Python39\;C:\Program Files (x86)\NetSarang\Xmanager 6\;C:\Program Files (x86)\NetSarang\Xftp 6\;C:\Program Files (x86)\NetSarang\Xshell 6\;C:\Windows\system32;C:\Windows;C:\Windows\System32\Wbem;C:\Windows\System32\WindowsPowerShell\v1.0\;C:\Windows\System32\OpenSSH\;E:\Enviroment\Java\jdk-11.0.10\bin;E:\Enviroment\apache-maven-3.8.1\bin;C:\Users\A\AppData\Local\Android\Sdk\platform-tools;C:\Users\A\AppData\Local\Android\Sdk\tools;C:\Program Files\dotnet\;C:\Program Files\NVIDIA Corporation\NVIDIA NvDLISR;C:\Program Files (x86)\NVIDIA Corporation\PhysX\Common;D:\nodejs\;C:\ProgramData\chocolatey\bin;C:\Program Files\Git\cmd;C:\Program Files (x86)\NetSarang\Xftp 7\;C:\Users\A\scoop\shims;C:\Users\A\AppData\Local\Microsoft\WindowsApps;C:\Program Files\mingw64\bin;C:\Users\A\AppData\Roaming\npm;D:\CLion 2020.3.3\bin;;D:\Microsoft VS Code\bin;D:\Bandizip\;., surefire.test.class.path=E:\javacode\csnBlog\target\test-classes;E:\javacode\csnBlog\target\classes;E:\Enviroment\apache-maven-3.8.1\maven-repo\org\springframework\boot\spring-boot-starter-aop\1.5.7.RELEASE\spring-boot-starter-aop-1.5.7.RELEASE.jar;E:\Enviroment\apache-maven-3.8.1\maven-repo\org\springframework\boot\spring-boot-starter\1.5.7.RELEASE\spring-boot-starter-1.5.7.RELEASE.jar;E:\Enviroment\apache-maven-3.8.1\maven-repo\org\springframework\boot\spring-boot-starter-logging\1.5.7.RELEASE\spring-boot-starter-logging-1.5.7.RELEASE.jar;E:\Enviroment\apache-maven-3.8.1\maven-repo\ch\qos\logback\logback-classic\1.1.11\logback-classic-1.1.11.jar;E:\Enviroment\apache-maven-3.8.1\maven-repo\ch\qos\logback\logback-core\1.1.11\logback-core-1.1.11.jar;E:\Enviroment\apache-maven-3.8.1\maven-repo\org\slf4j\jul-to-slf4j\1.7.25\jul-to-slf4j-1.7.25.jar;E:\Enviroment\apache-maven-3.8.1\maven-repo\org\slf4j\log4j-over-slf4j\1.7.25\log4j-over-slf4j-1.7.25.jar;E:\Enviroment\apache-maven-3.8.1\maven-repo\org\yaml\snakeyaml\1.17\snakeyaml-1.17.jar;E:\Enviroment\apache-maven-3.8.1\maven-repo\org\springframework\spring-aop\4.3.11.RELEASE\spring-aop-4.3.11.RELEASE.jar;E:\Enviroment\apache-maven-3.8.1\maven-repo\org\springframework\spring-beans\4.3.11.RELEASE\spring-beans-4.3.11.RELEASE.jar;E:\Enviroment\apache-maven-3.8.1\maven-repo\org\aspectj\aspectjweaver\1.8.10\aspectjweaver-1.8.10.jar;E:\Enviroment\apache-maven-3.8.1\maven-repo\org\springframework\boot\spring-boot-starter-data-jpa\1.5.7.RELEASE\spring-boot-starter-data-jpa-1.5.7.RELEASE.jar;E:\Enviroment\apache-maven-3.8.1\maven-repo\org\springframework\boot\spring-boot-starter-jdbc\1.5.7.RELEASE\spring-boot-starter-jdbc-1.5.7.RELEASE.jar;E:\Enviroment\apache-maven-3.8.1\maven-repo\org\apache\tomcat\tomcat-jdbc\8.5.20\tomcat-jdbc-8.5.20.jar;E:\Enviroment\apache-maven-3.8.1\maven-repo\org\apache\tomcat\tomcat-juli\8.5.20\tomcat-juli-8.5.20.jar;E:\Enviroment\apache-maven-3.8.1\maven-repo\org\springframework\spring-jdbc\4.3.11.RELEASE\spring-jdbc-4.3.11.RELEASE.jar;E:\Enviroment\apache-maven-3.8.1\maven-repo\org\hibernate\hibernate-core\5.0.12.Final\hibernate-core-5.0.12.Final.jar;E:\Enviroment\apache-maven-3.8.1\maven-repo\org\jboss\logging\jboss-logging\3.3.1.Final\jboss-logging-3.3.1.Final.jar;E:\Enviroment\apache-maven-3.8.1\maven-repo\org\hibernate\javax\persistence\hibernate-jpa-2.1-api\1.0.0.Final\hibernate-jpa-2.1-api-1.0.0.Final.jar;E:\Enviroment\apache-maven-3.8.1\maven-repo\org\javassist\javassist\3.21.0-GA\javassist-3.21.0-GA.jar;E:\Enviroment\apache-maven-3.8.1\maven-repo\antlr\antlr\2.7.7\antlr-2.7.7.jar;E:\Enviroment\apache-maven-3.8.1\maven-repo\org\jboss\jandex\2.0.0.Final\jandex-2.0.0.Final.jar;E:\Enviroment\apache-maven-3.8.1\maven-repo\dom4j\dom4j\1.6.1\dom4j-1.6.1.jar;E:\Enviroment\apache-maven-3.8.1\maven-repo\org\hibernate\common\hibernate-commons-annotations\5.0.1.Final\hibernate-commons-annotations-5.0.1.Final.jar;E:\Enviroment\apache-maven-3.8.1\maven-repo\org\hibernate\hibernate-entitymanager\5.0.12.Final\hibernate-entitymanager-5.0.12.Final.jar;E:\Enviroment\apache-maven-3.8.1\maven-repo\javax\transaction\javax.transaction-api\1.2\javax.transaction-api-1.2.jar;E:\Enviroment\apache-maven-3.8.1\maven-repo\org\springframework\data\spring-data-jpa\1.11.7.RELEASE\spring-data-jpa-1.11.7.RELEASE.jar;E:\Enviroment\apache-maven-3.8.1\maven-repo\org\springframework\data\spring-data-commons\1.13.7.RELEASE\spring-data-commons-1.13.7.RELEASE.jar;E:\Enviroment\apache-maven-3.8.1\maven-repo\org\springframework\spring-orm\4.3.11.RELEASE\spring-orm-4.3.11.RELEASE.jar;E:\Enviroment\apache-maven-3.8.1\maven-repo\org\springframework\spring-context\4.3.11.RELEASE\spring-context-4.3.11.RELEASE.jar;E:\Enviroment\apache-maven-3.8.1\maven-repo\org\springframework\spring-tx\4.3.11.RELEASE\spring-tx-4.3.11.RELEASE.jar;E:\Enviroment\apache-maven-3.8.1\maven-repo\org\slf4j\slf4j-api\1.7.25\slf4j-api-1.7.25.jar;E:\Enviroment\apache-maven-3.8.1\maven-repo\org\slf4j\jcl-over-slf4j\1.7.25\jcl-over-slf4j-1.7.25.jar;E:\Enviroment\apache-maven-3.8.1\maven-repo\org\springframework\spring-aspects\4.3.11.RELEASE\spring-aspects-4.3.11.RELEASE.jar;E:\Enviroment\apache-maven-3.8.1\maven-repo\org\springframework\boot\spring-boot-starter-thymeleaf\1.5.7.RELEASE\spring-boot-starter-thymeleaf-1.5.7.RELEASE.jar;E:\Enviroment\apache-maven-3.8.1\maven-repo\org\thymeleaf\thymeleaf-spring4\3.0.2.RELEASE\thymeleaf-spring4-3.0.2.RELEASE.jar;E:\Enviroment\apache-maven-3.8.1\maven-repo\org\thymeleaf\thymeleaf\3.0.2.RELEASE\thymeleaf-3.0.2.RELEASE.jar;E:\Enviroment\apache-maven-3.8.1\maven-repo\org\attoparser\attoparser\2.0.1.RELEASE\attoparser-2.0.1.RELEASE.jar;E:\Enviroment\apache-maven-3.8.1\maven-repo\org\unbescape\unbescape\1.1.4.RELEASE\unbescape-1.1.4.RELEASE.jar;E:\Enviroment\apache-maven-3.8.1\maven-repo\nz\net\ultraq\thymeleaf\thymeleaf-layout-dialect\2.1.1\thymeleaf-layout-dialect-2.1.1.jar;E:\Enviroment\apache-maven-3.8.1\maven-repo\org\codehaus\groovy\groovy\2.4.12\groovy-2.4.12.jar;E:\Enviroment\apache-maven-3.8.1\maven-repo\nz\net\ultraq\thymeleaf\thymeleaf-expression-processor\1.1.2\thymeleaf-expression-processor-1.1.2.jar;E:\Enviroment\apache-maven-3.8.1\maven-repo\org\springframework\boot\spring-boot-starter-web\1.5.7.RELEASE\spring-boot-starter-web-1.5.7.RELEASE.jar;E:\Enviroment\apache-maven-3.8.1\maven-repo\org\springframework\boot\spring-boot-starter-tomcat\1.5.7.RELEASE\spring-boot-starter-tomcat-1.5.7.RELEASE.jar;E:\Enviroment\apache-maven-3.8.1\maven-repo\org\apache\tomcat\embed\tomcat-embed-core\8.5.20\tomcat-embed-core-8.5.20.jar;E:\Enviroment\apache-maven-3.8.1\maven-repo\org\apache\tomcat\embed\tomcat-embed-el\8.5.20\tomcat-embed-el-8.5.20.jar;E:\Enviroment\apache-maven-3.8.1\maven-repo\org\apache\tomcat\embed\tomcat-embed-websocket\8.5.20\tomcat-embed-websocket-8.5.20.jar;E:\Enviroment\apache-maven-3.8.1\maven-repo\org\hibernate\hibernate-validator\5.3.5.Final\hibernate-validator-5.3.5.Final.jar;E:\Enviroment\apache-maven-3.8.1\maven-repo\javax\validation\validation-api\1.1.0.Final\validation-api-1.1.0.Final.jar;E:\Enviroment\apache-maven-3.8.1\maven-repo\com\fasterxml\classmate\1.3.4\classmate-1.3.4.jar;E:\Enviroment\apache-maven-3.8.1\maven-repo\com\fasterxml\jackson\core\jackson-databind\2.8.10\jackson-databind-2.8.10.jar;E:\Enviroment\apache-maven-3.8.1\maven-repo\com\fasterxml\jackson\core\jackson-annotations\2.8.0\jackson-annotations-2.8.0.jar;E:\Enviroment\apache-maven-3.8.1\maven-repo\com\fasterxml\jackson\core\jackson-core\2.8.10\jackson-core-2.8.10.jar;E:\Enviroment\apache-maven-3.8.1\maven-repo\org\springframework\spring-web\4.3.11.RELEASE\spring-web-4.3.11.RELEASE.jar;E:\Enviroment\apache-maven-3.8.1\maven-repo\org\springframework\spring-webmvc\4.3.11.RELEASE\spring-webmvc-4.3.11.RELEASE.jar;E:\Enviroment\apache-maven-3.8.1\maven-repo\org\springframework\spring-expression\4.3.11.RELEASE\spring-expression-4.3.11.RELEASE.jar;E:\Enviroment\apache-maven-3.8.1\maven-repo\org\springframework\boot\spring-boot-devtools\1.5.7.RELEASE\spring-boot-devtools-1.5.7.RELEASE.jar;E:\Enviroment\apache-maven-3.8.1\maven-repo\org\springframework\boot\spring-boot\1.5.7.RELEASE\spring-boot-1.5.7.RELEASE.jar;E:\Enviroment\apache-maven-3.8.1\maven-repo\org\springframework\boot\spring-boot-autoconfigure\1.5.7.RELEASE\spring-boot-autoconfigure-1.5.7.RELEASE.jar;E:\Enviroment\apache-maven-3.8.1\maven-repo\mysql\mysql-connector-java\8.0.20\mysql-connector-java-8.0.20.jar;E:\Enviroment\apache-maven-3.8.1\maven-repo\com\google\protobuf\protobuf-java\3.6.1\protobuf-java-3.6.1.jar;E:\Enviroment\apache-maven-3.8.1\maven-repo\org\springframework\boot\spring-boot-starter-test\1.5.7.RELEASE\spring-boot-starter-test-1.5.7.RELEASE.jar;E:\Enviroment\apache-maven-3.8.1\maven-repo\org\springframework\boot\spring-boot-test\1.5.7.RELEASE\spring-boot-test-1.5.7.RELEASE.jar;E:\Enviroment\apache-maven-3.8.1\maven-repo\org\springframework\boot\spring-boot-test-autoconfigure\1.5.7.RELEASE\spring-boot-test-autoconfigure-1.5.7.RELEASE.jar;E:\Enviroment\apache-maven-3.8.1\maven-repo\com\jayway\jsonpath\json-path\2.2.0\json-path-2.2.0.jar;E:\Enviroment\apache-maven-3.8.1\maven-repo\net\minidev\json-smart\2.2.1\json-smart-2.2.1.jar;E:\Enviroment\apache-maven-3.8.1\maven-repo\net\minidev\accessors-smart\1.1\accessors-smart-1.1.jar;E:\Enviroment\apache-maven-3.8.1\maven-repo\org\ow2\asm\asm\5.0.3\asm-5.0.3.jar;E:\Enviroment\apache-maven-3.8.1\maven-repo\junit\junit\4.12\junit-4.12.jar;E:\Enviroment\apache-maven-3.8.1\maven-repo\org\assertj\assertj-core\2.6.0\assertj-core-2.6.0.jar;E:\Enviroment\apache-maven-3.8.1\maven-repo\org\mockito\mockito-core\1.10.19\mockito-core-1.10.19.jar;E:\Enviroment\apache-maven-3.8.1\maven-repo\org\objenesis\objenesis\2.1\objenesis-2.1.jar;E:\Enviroment\apache-maven-3.8.1\maven-repo\org\hamcrest\hamcrest-core\1.3\hamcrest-core-1.3.jar;E:\Enviroment\apache-maven-3.8.1\maven-repo\org\hamcrest\hamcrest-library\1.3\hamcrest-library-1.3.jar;E:\Enviroment\apache-maven-3.8.1\maven-repo\org\skyscreamer\jsonassert\1.4.0\jsonassert-1.4.0.jar;E:\Enviroment\apache-maven-3.8.1\maven-repo\com\vaadin\external\google\android-json\0.0.20131108.vaadin1\android-json-0.0.20131108.vaadin1.jar;E:\Enviroment\apache-maven-3.8.1\maven-repo\org\springframework\spring-core\4.3.11.RELEASE\spring-core-4.3.11.RELEASE.jar;E:\Enviroment\apache-maven-3.8.1\maven-repo\org\springframework\spring-test\4.3.11.RELEASE\spring-test-4.3.11.RELEASE.jar;, java.specification.name=Java Platform API Specification, java.class.version=52.0, sun.management.compiler=HotSpot 64-Bit Tiered Compilers, maven.repo.local=E:\Enviroment\apache-maven-3.8.1\maven-repo, os.version=10.0, user.home=C:\Users\A, user.timezone=Asia/Shanghai, java.awt.printerjob=sun.awt.windows.WPrinterJob, file.encoding=GBK, java.specification.version=1.8, java.class.path=E:\javacode\csnBlog\target\test-classes;E:\javacode\csnBlog\target\classes;E:\Enviroment\apache-maven-3.8.1\maven-repo\org\springframework\boot\spring-boot-starter-aop\1.5.7.RELEASE\spring-boot-starter-aop-1.5.7.RELEASE.jar;E:\Enviroment\apache-maven-3.8.1\maven-repo\org\springframework\boot\spring-boot-starter\1.5.7.RELEASE\spring-boot-starter-1.5.7.RELEASE.jar;E:\Enviroment\apache-maven-3.8.1\maven-repo\org\springframework\boot\spring-boot-starter-logging\1.5.7.RELEASE\spring-boot-starter-logging-1.5.7.RELEASE.jar;E:\Enviroment\apache-maven-3.8.1\maven-repo\ch\qos\logback\logback-classic\1.1.11\logback-classic-1.1.11.jar;E:\Enviroment\apache-maven-3.8.1\maven-repo\ch\qos\logback\logback-core\1.1.11\logback-core-1.1.11.jar;E:\Enviroment\apache-maven-3.8.1\maven-repo\org\slf4j\jul-to-slf4j\1.7.25\jul-to-slf4j-1.7.25.jar;E:\Enviroment\apache-maven-3.8.1\maven-repo\org\slf4j\log4j-over-slf4j\1.7.25\log4j-over-slf4j-1.7.25.jar;E:\Enviroment\apache-maven-3.8.1\maven-repo\org\yaml\snakeyaml\1.17\snakeyaml-1.17.jar;E:\Enviroment\apache-maven-3.8.1\maven-repo\org\springframework\spring-aop\4.3.11.RELEASE\spring-aop-4.3.11.RELEASE.jar;E:\Enviroment\apache-maven-3.8.1\maven-repo\org\springframework\spring-beans\4.3.11.RELEASE\spring-beans-4.3.11.RELEASE.jar;E:\Enviroment\apache-maven-3.8.1\maven-repo\org\aspectj\aspectjweaver\1.8.10\aspectjweaver-1.8.10.jar;E:\Enviroment\apache-maven-3.8.1\maven-repo\org\springframework\boot\spring-boot-starter-data-jpa\1.5.7.RELEASE\spring-boot-starter-data-jpa-1.5.7.RELEASE.jar;E:\Enviroment\apache-maven-3.8.1\maven-repo\org\springframework\boot\spring-boot-starter-jdbc\1.5.7.RELEASE\spring-boot-starter-jdbc-1.5.7.RELEASE.jar;E:\Enviroment\apache-maven-3.8.1\maven-repo\org\apache\tomcat\tomcat-jdbc\8.5.20\tomcat-jdbc-8.5.20.jar;E:\Enviroment\apache-maven-3.8.1\maven-repo\org\apache\tomcat\tomcat-juli\8.5.20\tomcat-juli-8.5.20.jar;E:\Enviroment\apache-maven-3.8.1\maven-repo\org\springframework\spring-jdbc\4.3.11.RELEASE\spring-jdbc-4.3.11.RELEASE.jar;E:\Enviroment\apache-maven-3.8.1\maven-repo\org\hibernate\hibernate-core\5.0.12.Final\hibernate-core-5.0.12.Final.jar;E:\Enviroment\apache-maven-3.8.1\maven-repo\org\jboss\logging\jboss-logging\3.3.1.Final\jboss-logging-3.3.1.Final.jar;E:\Enviroment\apache-maven-3.8.1\maven-repo\org\hibernate\javax\persistence\hibernate-jpa-2.1-api\1.0.0.Final\hibernate-jpa-2.1-api-1.0.0.Final.jar;E:\Enviroment\apache-maven-3.8.1\maven-repo\org\javassist\javassist\3.21.0-GA\javassist-3.21.0-GA.jar;E:\Enviroment\apache-maven-3.8.1\maven-repo\antlr\antlr\2.7.7\antlr-2.7.7.jar;E:\Enviroment\apache-maven-3.8.1\maven-repo\org\jboss\jandex\2.0.0.Final\jandex-2.0.0.Final.jar;E:\Enviroment\apache-maven-3.8.1\maven-repo\dom4j\dom4j\1.6.1\dom4j-1.6.1.jar;E:\Enviroment\apache-maven-3.8.1\maven-repo\org\hibernate\common\hibernate-commons-annotations\5.0.1.Final\hibernate-commons-annotations-5.0.1.Final.jar;E:\Enviroment\apache-maven-3.8.1\maven-repo\org\hibernate\hibernate-entitymanager\5.0.12.Final\hibernate-entitymanager-5.0.12.Final.jar;E:\Enviroment\apache-maven-3.8.1\maven-repo\javax\transaction\javax.transaction-api\1.2\javax.transaction-api-1.2.jar;E:\Enviroment\apache-maven-3.8.1\maven-repo\org\springframework\data\spring-data-jpa\1.11.7.RELEASE\spring-data-jpa-1.11.7.RELEASE.jar;E:\Enviroment\apache-maven-3.8.1\maven-repo\org\springframework\data\spring-data-commons\1.13.7.RELEASE\spring-data-commons-1.13.7.RELEASE.jar;E:\Enviroment\apache-maven-3.8.1\maven-repo\org\springframework\spring-orm\4.3.11.RELEASE\spring-orm-4.3.11.RELEASE.jar;E:\Enviroment\apache-maven-3.8.1\maven-repo\org\springframework\spring-context\4.3.11.RELEASE\spring-context-4.3.11.RELEASE.jar;E:\Enviroment\apache-maven-3.8.1\maven-repo\org\springframework\spring-tx\4.3.11.RELEASE\spring-tx-4.3.11.RELEASE.jar;E:\Enviroment\apache-maven-3.8.1\maven-repo\org\slf4j\slf4j-api\1.7.25\slf4j-api-1.7.25.jar;E:\Enviroment\apache-maven-3.8.1\maven-repo\org\slf4j\jcl-over-slf4j\1.7.25\jcl-over-slf4j-1.7.25.jar;E:\Enviroment\apache-maven-3.8.1\maven-repo\org\springframework\spring-aspects\4.3.11.RELEASE\spring-aspects-4.3.11.RELEASE.jar;E:\Enviroment\apache-maven-3.8.1\maven-repo\org\springframework\boot\spring-boot-starter-thymeleaf\1.5.7.RELEASE\spring-boot-starter-thymeleaf-1.5.7.RELEASE.jar;E:\Enviroment\apache-maven-3.8.1\maven-repo\org\thymeleaf\thymeleaf-spring4\3.0.2.RELEASE\thymeleaf-spring4-3.0.2.RELEASE.jar;E:\Enviroment\apache-maven-3.8.1\maven-repo\org\thymeleaf\thymeleaf\3.0.2.RELEASE\thymeleaf-3.0.2.RELEASE.jar;E:\Enviroment\apache-maven-3.8.1\maven-repo\org\attoparser\attoparser\2.0.1.RELEASE\attoparser-2.0.1.RELEASE.jar;E:\Enviroment\apache-maven-3.8.1\maven-repo\org\unbescape\unbescape\1.1.4.RELEASE\unbescape-1.1.4.RELEASE.jar;E:\Enviroment\apache-maven-3.8.1\maven-repo\nz\net\ultraq\thymeleaf\thymeleaf-layout-dialect\2.1.1\thymeleaf-layout-dialect-2.1.1.jar;E:\Enviroment\apache-maven-3.8.1\maven-repo\org\codehaus\groovy\groovy\2.4.12\groovy-2.4.12.jar;E:\Enviroment\apache-maven-3.8.1\maven-repo\nz\net\ultraq\thymeleaf\thymeleaf-expression-processor\1.1.2\thymeleaf-expression-processor-1.1.2.jar;E:\Enviroment\apache-maven-3.8.1\maven-repo\org\springframework\boot\spring-boot-starter-web\1.5.7.RELEASE\spring-boot-starter-web-1.5.7.RELEASE.jar;E:\Enviroment\apache-maven-3.8.1\maven-repo\org\springframework\boot\spring-boot-starter-tomcat\1.5.7.RELEASE\spring-boot-starter-tomcat-1.5.7.RELEASE.jar;E:\Enviroment\apache-maven-3.8.1\maven-repo\org\apache\tomcat\embed\tomcat-embed-core\8.5.20\tomcat-embed-core-8.5.20.jar;E:\Enviroment\apache-maven-3.8.1\maven-repo\org\apache\tomcat\embed\tomcat-embed-el\8.5.20\tomcat-embed-el-8.5.20.jar;E:\Enviroment\apache-maven-3.8.1\maven-repo\org\apache\tomcat\embed\tomcat-embed-websocket\8.5.20\tomcat-embed-websocket-8.5.20.jar;E:\Enviroment\apache-maven-3.8.1\maven-repo\org\hibernate\hibernate-validator\5.3.5.Final\hibernate-validator-5.3.5.Final.jar;E:\Enviroment\apache-maven-3.8.1\maven-repo\javax\validation\validation-api\1.1.0.Final\validation-api-1.1.0.Final.jar;E:\Enviroment\apache-maven-3.8.1\maven-repo\com\fasterxml\classmate\1.3.4\classmate-1.3.4.jar;E:\Enviroment\apache-maven-3.8.1\maven-repo\com\fasterxml\jackson\core\jackson-databind\2.8.10\jackson-databind-2.8.10.jar;E:\Enviroment\apache-maven-3.8.1\maven-repo\com\fasterxml\jackson\core\jackson-annotations\2.8.0\jackson-annotations-2.8.0.jar;E:\Enviroment\apache-maven-3.8.1\maven-repo\com\fasterxml\jackson\core\jackson-core\2.8.10\jackson-core-2.8.10.jar;E:\Enviroment\apache-maven-3.8.1\maven-repo\org\springframework\spring-web\4.3.11.RELEASE\spring-web-4.3.11.RELEASE.jar;E:\Enviroment\apache-maven-3.8.1\maven-repo\org\springframework\spring-webmvc\4.3.11.RELEASE\spring-webmvc-4.3.11.RELEASE.jar;E:\Enviroment\apache-maven-3.8.1\maven-repo\org\springframework\spring-expression\4.3.11.RELEASE\spring-expression-4.3.11.RELEASE.jar;E:\Enviroment\apache-maven-3.8.1\maven-repo\org\springframework\boot\spring-boot-devtools\1.5.7.RELEASE\spring-boot-devtools-1.5.7.RELEASE.jar;E:\Enviroment\apache-maven-3.8.1\maven-repo\org\springframework\boot\spring-boot\1.5.7.RELEASE\spring-boot-1.5.7.RELEASE.jar;E:\Enviroment\apache-maven-3.8.1\maven-repo\org\springframework\boot\spring-boot-autoconfigure\1.5.7.RELEASE\spring-boot-autoconfigure-1.5.7.RELEASE.jar;E:\Enviroment\apache-maven-3.8.1\maven-repo\mysql\mysql-connector-java\8.0.20\mysql-connector-java-8.0.20.jar;E:\Enviroment\apache-maven-3.8.1\maven-repo\com\google\protobuf\protobuf-java\3.6.1\protobuf-java-3.6.1.jar;E:\Enviroment\apache-maven-3.8.1\maven-repo\org\springframework\boot\spring-boot-starter-test\1.5.7.RELEASE\spring-boot-starter-test-1.5.7.RELEASE.jar;E:\Enviroment\apache-maven-3.8.1\maven-repo\org\springframework\boot\spring-boot-test\1.5.7.RELEASE\spring-boot-test-1.5.7.RELEASE.jar;E:\Enviroment\apache-maven-3.8.1\maven-repo\org\springframework\boot\spring-boot-test-autoconfigure\1.5.7.RELEASE\spring-boot-test-autoconfigure-1.5.7.RELEASE.jar;E:\Enviroment\apache-maven-3.8.1\maven-repo\com\jayway\jsonpath\json-path\2.2.0\json-path-2.2.0.jar;E:\Enviroment\apache-maven-3.8.1\maven-repo\net\minidev\json-smart\2.2.1\json-smart-2.2.1.jar;E:\Enviroment\apache-maven-3.8.1\maven-repo\net\minidev\accessors-smart\1.1\accessors-smart-1.1.jar;E:\Enviroment\apache-maven-3.8.1\maven-repo\org\ow2\asm\asm\5.0.3\asm-5.0.3.jar;E:\Enviroment\apache-maven-3.8.1\maven-repo\junit\junit\4.12\junit-4.12.jar;E:\Enviroment\apache-maven-3.8.1\maven-repo\org\assertj\assertj-core\2.6.0\assertj-core-2.6.0.jar;E:\Enviroment\apache-maven-3.8.1\maven-repo\org\mockito\mockito-core\1.10.19\mockito-core-1.10.19.jar;E:\Enviroment\apache-maven-3.8.1\maven-repo\org\objenesis\objenesis\2.1\objenesis-2.1.jar;E:\Enviroment\apache-maven-3.8.1\maven-repo\org\hamcrest\hamcrest-core\1.3\hamcrest-core-1.3.jar;E:\Enviroment\apache-maven-3.8.1\maven-repo\org\hamcrest\hamcrest-library\1.3\hamcrest-library-1.3.jar;E:\Enviroment\apache-maven-3.8.1\maven-repo\org\skyscreamer\jsonassert\1.4.0\jsonassert-1.4.0.jar;E:\Enviroment\apache-maven-3.8.1\maven-repo\com\vaadin\external\google\android-json\0.0.20131108.vaadin1\android-json-0.0.20131108.vaadin1.jar;E:\Enviroment\apache-maven-3.8.1\maven-repo\org\springframework\spring-core\4.3.11.RELEASE\spring-core-4.3.11.RELEASE.jar;E:\Enviroment\apache-maven-3.8.1\maven-repo\org\springframework\spring-test\4.3.11.RELEASE\spring-test-4.3.11.RELEASE.jar;, user.name=A, java.vm.specification.version=1.8, sun.java.command=E:\javacode\csnBlog\target\surefire\surefirebooter1378324090652275872.jar E:\javacode\csnBlog\target\surefire\surefire3241116603899857923tmp E:\javacode\csnBlog\target\surefire\surefire_0169512998318738055tmp, java.home=C:\Users\A\.jdks\corretto-1.8.0_292\jre, sun.arch.data.model=64, user.language=en, java.specification.vendor=Oracle Corporation, awt.toolkit=sun.awt.windows.WToolkit, java.vm.info=mixed mode, java.version=1.8.0_292, java.ext.dirs=C:\Users\A\.jdks\corretto-1.8.0_292\jre\lib\ext;C:\Windows\Sun\Java\lib\ext, sun.boot.class.path=C:\Users\A\.jdks\corretto-1.8.0_292\jre\lib\resources.jar;C:\Users\A\.jdks\corretto-1.8.0_292\jre\lib\rt.jar;C:\Users\A\.jdks\corretto-1.8.0_292\jre\lib\sunrsasign.jar;C:\Users\A\.jdks\corretto-1.8.0_292\jre\lib\jsse.jar;C:\Users\A\.jdks\corretto-1.8.0_292\jre\lib\jce.jar;C:\Users\A\.jdks\corretto-1.8.0_292\jre\lib\charsets.jar;C:\Users\A\.jdks\corretto-1.8.0_292\jre\lib\jfr.jar;C:\Users\A\.jdks\corretto-1.8.0_292\jre\classes, java.vendor=Amazon.com Inc., localRepository=E:\Enviroment\apache-maven-3.8.1\maven-repo, file.separator=\, java.vendor.url.bug=https://github.com/corretto/corretto-8/issues/, sun.io.unicode.encoding=UnicodeLittle, sun.cpu.endian=little, sun.desktop=windows, sun.cpu.isalist=amd64}}, SystemEnvironmentPropertySource@1754638213 {name='systemEnvironment', properties={PATH=C:\Program Files (x86)\Common Files\Oracle\Java\javapath;C:\Program Files\Common Files\Oracle\Java\javapath;C:\Program Files (x86)\VMware\VMware Player\bin\;C:\Python39\Scripts\;C:\Python39\;C:\Program Files (x86)\NetSarang\Xmanager 6\;C:\Program Files (x86)\NetSarang\Xftp 6\;C:\Program Files (x86)\NetSarang\Xshell 6\;C:\Windows\system32;C:\Windows;C:\Windows\System32\Wbem;C:\Windows\System32\WindowsPowerShell\v1.0\;C:\Windows\System32\OpenSSH\;E:\Enviroment\Java\jdk-11.0.10\bin;E:\Enviroment\apache-maven-3.8.1\bin;C:\Users\A\AppData\Local\Android\Sdk\platform-tools;C:\Users\A\AppData\Local\Android\Sdk\tools;C:\Program Files\dotnet\;C:\Program Files\NVIDIA Corporation\NVIDIA NvDLISR;C:\Program Files (x86)\NVIDIA Corporation\PhysX\Common;D:\nodejs\;C:\ProgramData\chocolatey\bin;C:\Program Files\Git\cmd;C:\Program Files (x86)\NetSarang\Xftp 7\;C:\Users\A\scoop\shims;C:\Users\A\AppData\Local\Microsoft\WindowsApps;C:\Program Files\mingw64\bin;C:\Users\A\AppData\Roaming\npm;D:\CLion 2020.3.3\bin;;D:\Microsoft VS Code\bin;D:\Bandizip\, USERDOMAIN_ROAMINGPROFILE=DESKTOP-DQHVQGE, PROCESSOR_LEVEL=23, SYSTEMDRIVE=C:, SESSIONNAME=Console, ALLUSERSPROFILE=C:\ProgramData, CLION=D:\CLion 2020.3.3\bin;, PROCESSOR_ARCHITECTURE=AMD64, DRIVERDATA=C:\Windows\System32\Drivers\DriverData, =E:=E:\javacode\csnBlog, MAVEN_HOME=E:\Enviroment\apache-maven-3.8.1, PROGRAMFILES=C:\Program Files, PSMODULEPATH=C:\Program Files\WindowsPowerShell\Modules;C:\Windows\system32\WindowsPowerShell\v1.0\Modules, PROGRAMDATA=C:\ProgramData, CHOCOLATEYLASTPATHUPDATE=132593352546011903, USERNAME=A, FPS_BROWSER_USER_PROFILE_STRING=Default, ONEDRIVE=C:\Users\A\OneDrive, PATHEXT=.COM;.EXE;.BAT;.CMD;.VBS;.VBE;.JS;.JSE;.WSF;.WSH;.MSC;.PY;.PYW, ONEDRIVECONSUMER=C:\Users\A\OneDrive, WINDIR=C:\Windows, HOMEPATH=\Users\A, PROCESSOR_IDENTIFIER=AMD64 Family 23 Model 113 Stepping 0, AuthenticAMD, M2_HOME=E:\Enviroment\apache-maven-3.8.1\bin, PUBLIC=C:\Users\Public, =::=::\, LOCALAPPDATA=C:\Users\A\AppData\Local, ANDRIOD_HOME=C:\Users\A\AppData\Local\Android\Sdk, COMMONPROGRAMFILES(X86)=C:\Program Files (x86)\Common Files, USERDOMAIN=DESKTOP-DQHVQGE, FPS_BROWSER_APP_PROFILE_STRING=Internet Explorer, LOGONSERVER=\\DESKTOP-DQHVQGE, JAVA_HOME=E:\Enviroment\Java\jdk-11.0.10, PROMPT=$P$G, PROGRAMFILES(X86)=C:\Program Files (x86), APPDATA=C:\Users\A\AppData\Roaming, VBOX_HWVIRTEX_IGNORE_SVM_IN_USE=1, PROGRAMW6432=C:\Program Files, SYSTEMROOT=C:\Windows, CHOCOLATEYINSTALL=C:\ProgramData\chocolatey, OS=Windows_NT, COMMONPROGRAMW6432=C:\Program Files\Common Files, COMPUTERNAME=DESKTOP-DQHVQGE, COMMONPROGRAMFILES=C:\Program Files\Common Files, COMSPEC=C:\Windows\system32\cmd.exe, PROCESSOR_REVISION=7100, TEMP=C:\Users\A\AppData\Local\Temp, HOMEDRIVE=C:, USERPROFILE=C:\Users\A, TMP=C:\Users\A\AppData\Local\Temp, NUMBER_OF_PROCESSORS=12, IDEA_INITIAL_DIRECTORY=D:\IntelliJ IDEA 2021.2\bin}}]
22:41:10.975 [main] DEBUG org.springframework.core.io.support.PathMatchingResourcePatternResolver - Resolved classpath location [com/Rioa/] to resources [URL [file:/E:/javacode/csnBlog/target/test-classes/com/Rioa/], URL [file:/E:/javacode/csnBlog/target/classes/com/Rioa/]]
22:41:10.975 [main] DEBUG org.springframework.core.io.support.PathMatchingResourcePatternResolver - Looking for matching resources in directory tree [E:\javacode\csnBlog\target\test-classes\com\Rioa]
22:41:10.975 [main] DEBUG org.springframework.core.io.support.PathMatchingResourcePatternResolver - Searching directory [E:\javacode\csnBlog\target\test-classes\com\Rioa] for files matching pattern [E:/javacode/csnBlog/target/test-classes/com/Rioa/*.class]
22:41:10.977 [main] DEBUG org.springframework.core.io.support.PathMatchingResourcePatternResolver - Looking for matching resources in directory tree [E:\javacode\csnBlog\target\classes\com\Rioa]
22:41:10.977 [main] DEBUG org.springframework.core.io.support.PathMatchingResourcePatternResolver - Searching directory [E:\javacode\csnBlog\target\classes\com\Rioa] for files matching pattern [E:/javacode/csnBlog/target/classes/com/Rioa/*.class]
22:41:10.978 [main] DEBUG org.springframework.core.io.support.PathMatchingResourcePatternResolver - Resolved location pattern [classpath*:com/Rioa/*.class] to resources [file [E:\javacode\csnBlog\target\test-classes\com\Rioa\BlogApplicationTests.class], file [E:\javacode\csnBlog\target\classes\com\Rioa\BlogApplication.class], file [E:\javacode\csnBlog\target\classes\com\Rioa\NotFoundException.class]]
22:41:11.011 [main] DEBUG org.springframework.context.annotation.ClassPathScanningCandidateComponentProvider - Identified candidate component class: file [E:\javacode\csnBlog\target\classes\com\Rioa\BlogApplication.class]
22:41:11.018 [main] INFO org.springframework.boot.test.context.SpringBootTestContextBootstrapper - Found @SpringBootConfiguration com.Rioa.BlogApplication for test class com.Rioa.BlogApplicationTests
22:41:11.020 [main] DEBUG org.springframework.boot.test.context.SpringBootTestContextBootstrapper - @TestExecutionListeners is not present for class [com.Rioa.BlogApplicationTests]: using defaults.
22:41:11.022 [main] INFO org.springframework.boot.test.context.SpringBootTestContextBootstrapper - Loaded default TestExecutionListener class names from location [META-INF/spring.factories]: [org.springframework.boot.test.mock.mockito.MockitoTestExecutionListener, org.springframework.boot.test.mock.mockito.ResetMocksTestExecutionListener, org.springframework.boot.test.autoconfigure.restdocs.RestDocsTestExecutionListener, org.springframework.boot.test.autoconfigure.web.client.MockRestServiceServerResetTestExecutionListener, org.springframework.boot.test.autoconfigure.web.servlet.MockMvcPrintOnlyOnFailureTestExecutionListener, org.springframework.boot.test.autoconfigure.web.servlet.WebDriverTestExecutionListener, org.springframework.test.context.web.ServletTestExecutionListener, org.springframework.test.context.support.DirtiesContextBeforeModesTestExecutionListener, org.springframework.test.context.support.DependencyInjectionTestExecutionListener, org.springframework.test.context.support.DirtiesContextTestExecutionListener, org.springframework.test.context.transaction.TransactionalTestExecutionListener, org.springframework.test.context.jdbc.SqlScriptsTestExecutionListener]
22:41:11.034 [main] INFO org.springframework.boot.test.context.SpringBootTestContextBootstrapper - Using TestExecutionListeners: [org.springframework.test.context.web.ServletTestExecutionListener@70beb599, org.springframework.test.context.support.DirtiesContextBeforeModesTestExecutionListener@4e41089d, org.springframework.boot.test.autoconfigure.SpringBootDependencyInjectionTestExecutionListener@32a068d1, org.springframework.test.context.support.DirtiesContextTestExecutionListener@33cb5951, org.springframework.test.context.transaction.TransactionalTestExecutionListener@365c30cc, org.springframework.test.context.jdbc.SqlScriptsTestExecutionListener@701fc37a, org.springframework.boot.test.autoconfigure.web.client.MockRestServiceServerResetTestExecutionListener@4148db48, org.springframework.boot.test.autoconfigure.restdocs.RestDocsTestExecutionListener@282003e1, org.springframework.boot.test.mock.mockito.ResetMocksTestExecutionListener@7fad8c79, org.springframework.boot.test.mock.mockito.MockitoTestExecutionListener@71a794e5, org.springframework.boot.test.autoconfigure.web.servlet.WebDriverTestExecutionListener@76329302, org.springframework.boot.test.autoconfigure.web.servlet.MockMvcPrintOnlyOnFailureTestExecutionListener@5e25a92e]
22:41:11.035 [main] DEBUG org.springframework.test.annotation.ProfileValueUtils - Retrieved @ProfileValueSourceConfiguration [null] for test class [com.Rioa.BlogApplicationTests]
22:41:11.036 [main] DEBUG org.springframework.test.annotation.ProfileValueUtils - Retrieved ProfileValueSource type [class org.springframework.test.annotation.SystemProfileValueSource] for class [com.Rioa.BlogApplicationTests]
22:41:11.037 [main] DEBUG org.springframework.test.context.junit4.SpringJUnit4ClassRunner - SpringJUnit4ClassRunner constructor called with [class com.Rioa.BlogApplicationTests]
22:41:11.037 [main] DEBUG org.springframework.test.context.BootstrapUtils - Instantiating CacheAwareContextLoaderDelegate from class [org.springframework.test.context.cache.DefaultCacheAwareContextLoaderDelegate]
22:41:11.037 [main] DEBUG org.springframework.test.context.BootstrapUtils - Instantiating BootstrapContext using constructor [public org.springframework.test.context.support.DefaultBootstrapContext(java.lang.Class,org.springframework.test.context.CacheAwareContextLoaderDelegate)]
22:41:11.037 [main] DEBUG org.springframework.test.context.BootstrapUtils - Instantiating TestContextBootstrapper for test class [com.Rioa.BlogApplicationTests] from class [org.springframework.boot.test.context.SpringBootTestContextBootstrapper]
22:41:11.037 [main] INFO org.springframework.boot.test.context.SpringBootTestContextBootstrapper - Neither @ContextConfiguration nor @ContextHierarchy found for test class [com.Rioa.BlogApplicationTests], using SpringBootContextLoader
22:41:11.038 [main] DEBUG org.springframework.test.context.support.AbstractContextLoader - Did not detect default resource location for test class [com.Rioa.BlogApplicationTests]: class path resource [com/Rioa/BlogApplicationTests-context.xml] does not exist
22:41:11.038 [main] DEBUG org.springframework.test.context.support.AbstractContextLoader - Did not detect default resource location for test class [com.Rioa.BlogApplicationTests]: class path resource [com/Rioa/BlogApplicationTestsContext.groovy] does not exist
22:41:11.038 [main] INFO org.springframework.test.context.support.AbstractContextLoader - Could not detect default resource locations for test class [com.Rioa.BlogApplicationTests]: no resource found for suffixes {-context.xml, Context.groovy}.
22:41:11.038 [main] INFO org.springframework.test.context.support.AnnotationConfigContextLoaderUtils - Could not detect default configuration classes for test class [com.Rioa.BlogApplicationTests]: BlogApplicationTests does not declare any static, non-private, non-final, nested classes annotated with @Configuration.
22:41:11.041 [main] DEBUG org.springframework.test.context.support.ActiveProfilesUtils - Could not find an 'annotation declaring class' for annotation type [org.springframework.test.context.ActiveProfiles] and class [com.Rioa.BlogApplicationTests]
22:41:11.041 [main] DEBUG org.springframework.core.env.StandardEnvironment - Adding PropertySource 'systemProperties' with lowest search precedence
22:41:11.041 [main] DEBUG org.springframework.core.env.StandardEnvironment - Adding PropertySource 'systemEnvironment' with lowest search precedence
22:41:11.041 [main] DEBUG org.springframework.core.env.StandardEnvironment - Initialized StandardEnvironment with PropertySources [MapPropertySource@366590980 {name='systemProperties', properties={idea.version=2021.2, java.runtime.name=OpenJDK Runtime Environment, sun.boot.library.path=C:\Users\A\.jdks\corretto-1.8.0_292\jre\bin, java.vm.version=25.292-b10, java.vm.vendor=Amazon.com Inc., java.vendor.url=https://aws.amazon.com/corretto/, path.separator=;, java.vm.name=OpenJDK 64-Bit Server VM, file.encoding.pkg=sun.io, user.country=US, user.script=, sun.java.launcher=SUN_STANDARD, sun.os.patch.level=, java.vm.specification.name=Java Virtual Machine Specification, user.dir=E:\javacode\csnBlog, java.runtime.version=1.8.0_292-b10, basedir=E:\javacode\csnBlog, java.awt.graphicsenv=sun.awt.Win32GraphicsEnvironment, java.endorsed.dirs=C:\Users\A\.jdks\corretto-1.8.0_292\jre\lib\endorsed, os.arch=amd64, surefire.real.class.path=E:\javacode\csnBlog\target\surefire\surefirebooter1378324090652275872.jar, java.io.tmpdir=C:\Users\A\AppData\Local\Temp\, line.separator=
, java.vm.specification.vendor=Oracle Corporation, user.variant=, os.name=Windows 10, sun.jnu.encoding=GBK, java.library.path=C:\Users\A\.jdks\corretto-1.8.0_292\jre\bin;C:\Windows\Sun\Java\bin;C:\Windows\system32;C:\Windows;C:\Program Files (x86)\Common Files\Oracle\Java\javapath;C:\Program Files\Common Files\Oracle\Java\javapath;C:\Program Files (x86)\VMware\VMware Player\bin\;C:\Python39\Scripts\;C:\Python39\;C:\Program Files (x86)\NetSarang\Xmanager 6\;C:\Program Files (x86)\NetSarang\Xftp 6\;C:\Program Files (x86)\NetSarang\Xshell 6\;C:\Windows\system32;C:\Windows;C:\Windows\System32\Wbem;C:\Windows\System32\WindowsPowerShell\v1.0\;C:\Windows\System32\OpenSSH\;E:\Enviroment\Java\jdk-11.0.10\bin;E:\Enviroment\apache-maven-3.8.1\bin;C:\Users\A\AppData\Local\Android\Sdk\platform-tools;C:\Users\A\AppData\Local\Android\Sdk\tools;C:\Program Files\dotnet\;C:\Program Files\NVIDIA Corporation\NVIDIA NvDLISR;C:\Program Files (x86)\NVIDIA Corporation\PhysX\Common;D:\nodejs\;C:\ProgramData\chocolatey\bin;C:\Program Files\Git\cmd;C:\Program Files (x86)\NetSarang\Xftp 7\;C:\Users\A\scoop\shims;C:\Users\A\AppData\Local\Microsoft\WindowsApps;C:\Program Files\mingw64\bin;C:\Users\A\AppData\Roaming\npm;D:\CLion 2020.3.3\bin;;D:\Microsoft VS Code\bin;D:\Bandizip\;., surefire.test.class.path=E:\javacode\csnBlog\target\test-classes;E:\javacode\csnBlog\target\classes;E:\Enviroment\apache-maven-3.8.1\maven-repo\org\springframework\boot\spring-boot-starter-aop\1.5.7.RELEASE\spring-boot-starter-aop-1.5.7.RELEASE.jar;E:\Enviroment\apache-maven-3.8.1\maven-repo\org\springframework\boot\spring-boot-starter\1.5.7.RELEASE\spring-boot-starter-1.5.7.RELEASE.jar;E:\Enviroment\apache-maven-3.8.1\maven-repo\org\springframework\boot\spring-boot-starter-logging\1.5.7.RELEASE\spring-boot-starter-logging-1.5.7.RELEASE.jar;E:\Enviroment\apache-maven-3.8.1\maven-repo\ch\qos\logback\logback-classic\1.1.11\logback-classic-1.1.11.jar;E:\Enviroment\apache-maven-3.8.1\maven-repo\ch\qos\logback\logback-core\1.1.11\logback-core-1.1.11.jar;E:\Enviroment\apache-maven-3.8.1\maven-repo\org\slf4j\jul-to-slf4j\1.7.25\jul-to-slf4j-1.7.25.jar;E:\Enviroment\apache-maven-3.8.1\maven-repo\org\slf4j\log4j-over-slf4j\1.7.25\log4j-over-slf4j-1.7.25.jar;E:\Enviroment\apache-maven-3.8.1\maven-repo\org\yaml\snakeyaml\1.17\snakeyaml-1.17.jar;E:\Enviroment\apache-maven-3.8.1\maven-repo\org\springframework\spring-aop\4.3.11.RELEASE\spring-aop-4.3.11.RELEASE.jar;E:\Enviroment\apache-maven-3.8.1\maven-repo\org\springframework\spring-beans\4.3.11.RELEASE\spring-beans-4.3.11.RELEASE.jar;E:\Enviroment\apache-maven-3.8.1\maven-repo\org\aspectj\aspectjweaver\1.8.10\aspectjweaver-1.8.10.jar;E:\Enviroment\apache-maven-3.8.1\maven-repo\org\springframework\boot\spring-boot-starter-data-jpa\1.5.7.RELEASE\spring-boot-starter-data-jpa-1.5.7.RELEASE.jar;E:\Enviroment\apache-maven-3.8.1\maven-repo\org\springframework\boot\spring-boot-starter-jdbc\1.5.7.RELEASE\spring-boot-starter-jdbc-1.5.7.RELEASE.jar;E:\Enviroment\apache-maven-3.8.1\maven-repo\org\apache\tomcat\tomcat-jdbc\8.5.20\tomcat-jdbc-8.5.20.jar;E:\Enviroment\apache-maven-3.8.1\maven-repo\org\apache\tomcat\tomcat-juli\8.5.20\tomcat-juli-8.5.20.jar;E:\Enviroment\apache-maven-3.8.1\maven-repo\org\springframework\spring-jdbc\4.3.11.RELEASE\spring-jdbc-4.3.11.RELEASE.jar;E:\Enviroment\apache-maven-3.8.1\maven-repo\org\hibernate\hibernate-core\5.0.12.Final\hibernate-core-5.0.12.Final.jar;E:\Enviroment\apache-maven-3.8.1\maven-repo\org\jboss\logging\jboss-logging\3.3.1.Final\jboss-logging-3.3.1.Final.jar;E:\Enviroment\apache-maven-3.8.1\maven-repo\org\hibernate\javax\persistence\hibernate-jpa-2.1-api\1.0.0.Final\hibernate-jpa-2.1-api-1.0.0.Final.jar;E:\Enviroment\apache-maven-3.8.1\maven-repo\org\javassist\javassist\3.21.0-GA\javassist-3.21.0-GA.jar;E:\Enviroment\apache-maven-3.8.1\maven-repo\antlr\antlr\2.7.7\antlr-2.7.7.jar;E:\Enviroment\apache-maven-3.8.1\maven-repo\org\jboss\jandex\2.0.0.Final\jandex-2.0.0.Final.jar;E:\Enviroment\apache-maven-3.8.1\maven-repo\dom4j\dom4j\1.6.1\dom4j-1.6.1.jar;E:\Enviroment\apache-maven-3.8.1\maven-repo\org\hibernate\common\hibernate-commons-annotations\5.0.1.Final\hibernate-commons-annotations-5.0.1.Final.jar;E:\Enviroment\apache-maven-3.8.1\maven-repo\org\hibernate\hibernate-entitymanager\5.0.12.Final\hibernate-entitymanager-5.0.12.Final.jar;E:\Enviroment\apache-maven-3.8.1\maven-repo\javax\transaction\javax.transaction-api\1.2\javax.transaction-api-1.2.jar;E:\Enviroment\apache-maven-3.8.1\maven-repo\org\springframework\data\spring-data-jpa\1.11.7.RELEASE\spring-data-jpa-1.11.7.RELEASE.jar;E:\Enviroment\apache-maven-3.8.1\maven-repo\org\springframework\data\spring-data-commons\1.13.7.RELEASE\spring-data-commons-1.13.7.RELEASE.jar;E:\Enviroment\apache-maven-3.8.1\maven-repo\org\springframework\spring-orm\4.3.11.RELEASE\spring-orm-4.3.11.RELEASE.jar;E:\Enviroment\apache-maven-3.8.1\maven-repo\org\springframework\spring-context\4.3.11.RELEASE\spring-context-4.3.11.RELEASE.jar;E:\Enviroment\apache-maven-3.8.1\maven-repo\org\springframework\spring-tx\4.3.11.RELEASE\spring-tx-4.3.11.RELEASE.jar;E:\Enviroment\apache-maven-3.8.1\maven-repo\org\slf4j\slf4j-api\1.7.25\slf4j-api-1.7.25.jar;E:\Enviroment\apache-maven-3.8.1\maven-repo\org\slf4j\jcl-over-slf4j\1.7.25\jcl-over-slf4j-1.7.25.jar;E:\Enviroment\apache-maven-3.8.1\maven-repo\org\springframework\spring-aspects\4.3.11.RELEASE\spring-aspects-4.3.11.RELEASE.jar;E:\Enviroment\apache-maven-3.8.1\maven-repo\org\springframework\boot\spring-boot-starter-thymeleaf\1.5.7.RELEASE\spring-boot-starter-thymeleaf-1.5.7.RELEASE.jar;E:\Enviroment\apache-maven-3.8.1\maven-repo\org\thymeleaf\thymeleaf-spring4\3.0.2.RELEASE\thymeleaf-spring4-3.0.2.RELEASE.jar;E:\Enviroment\apache-maven-3.8.1\maven-repo\org\thymeleaf\thymeleaf\3.0.2.RELEASE\thymeleaf-3.0.2.RELEASE.jar;E:\Enviroment\apache-maven-3.8.1\maven-repo\org\attoparser\attoparser\2.0.1.RELEASE\attoparser-2.0.1.RELEASE.jar;E:\Enviroment\apache-maven-3.8.1\maven-repo\org\unbescape\unbescape\1.1.4.RELEASE\unbescape-1.1.4.RELEASE.jar;E:\Enviroment\apache-maven-3.8.1\maven-repo\nz\net\ultraq\thymeleaf\thymeleaf-layout-dialect\2.1.1\thymeleaf-layout-dialect-2.1.1.jar;E:\Enviroment\apache-maven-3.8.1\maven-repo\org\codehaus\groovy\groovy\2.4.12\groovy-2.4.12.jar;E:\Enviroment\apache-maven-3.8.1\maven-repo\nz\net\ultraq\thymeleaf\thymeleaf-expression-processor\1.1.2\thymeleaf-expression-processor-1.1.2.jar;E:\Enviroment\apache-maven-3.8.1\maven-repo\org\springframework\boot\spring-boot-starter-web\1.5.7.RELEASE\spring-boot-starter-web-1.5.7.RELEASE.jar;E:\Enviroment\apache-maven-3.8.1\maven-repo\org\springframework\boot\spring-boot-starter-tomcat\1.5.7.RELEASE\spring-boot-starter-tomcat-1.5.7.RELEASE.jar;E:\Enviroment\apache-maven-3.8.1\maven-repo\org\apache\tomcat\embed\tomcat-embed-core\8.5.20\tomcat-embed-core-8.5.20.jar;E:\Enviroment\apache-maven-3.8.1\maven-repo\org\apache\tomcat\embed\tomcat-embed-el\8.5.20\tomcat-embed-el-8.5.20.jar;E:\Enviroment\apache-maven-3.8.1\maven-repo\org\apache\tomcat\embed\tomcat-embed-websocket\8.5.20\tomcat-embed-websocket-8.5.20.jar;E:\Enviroment\apache-maven-3.8.1\maven-repo\org\hibernate\hibernate-validator\5.3.5.Final\hibernate-validator-5.3.5.Final.jar;E:\Enviroment\apache-maven-3.8.1\maven-repo\javax\validation\validation-api\1.1.0.Final\validation-api-1.1.0.Final.jar;E:\Enviroment\apache-maven-3.8.1\maven-repo\com\fasterxml\classmate\1.3.4\classmate-1.3.4.jar;E:\Enviroment\apache-maven-3.8.1\maven-repo\com\fasterxml\jackson\core\jackson-databind\2.8.10\jackson-databind-2.8.10.jar;E:\Enviroment\apache-maven-3.8.1\maven-repo\com\fasterxml\jackson\core\jackson-annotations\2.8.0\jackson-annotations-2.8.0.jar;E:\Enviroment\apache-maven-3.8.1\maven-repo\com\fasterxml\jackson\core\jackson-core\2.8.10\jackson-core-2.8.10.jar;E:\Enviroment\apache-maven-3.8.1\maven-repo\org\springframework\spring-web\4.3.11.RELEASE\spring-web-4.3.11.RELEASE.jar;E:\Enviroment\apache-maven-3.8.1\maven-repo\org\springframework\spring-webmvc\4.3.11.RELEASE\spring-webmvc-4.3.11.RELEASE.jar;E:\Enviroment\apache-maven-3.8.1\maven-repo\org\springframework\spring-expression\4.3.11.RELEASE\spring-expression-4.3.11.RELEASE.jar;E:\Enviroment\apache-maven-3.8.1\maven-repo\org\springframework\boot\spring-boot-devtools\1.5.7.RELEASE\spring-boot-devtools-1.5.7.RELEASE.jar;E:\Enviroment\apache-maven-3.8.1\maven-repo\org\springframework\boot\spring-boot\1.5.7.RELEASE\spring-boot-1.5.7.RELEASE.jar;E:\Enviroment\apache-maven-3.8.1\maven-repo\org\springframework\boot\spring-boot-autoconfigure\1.5.7.RELEASE\spring-boot-autoconfigure-1.5.7.RELEASE.jar;E:\Enviroment\apache-maven-3.8.1\maven-repo\mysql\mysql-connector-java\8.0.20\mysql-connector-java-8.0.20.jar;E:\Enviroment\apache-maven-3.8.1\maven-repo\com\google\protobuf\protobuf-java\3.6.1\protobuf-java-3.6.1.jar;E:\Enviroment\apache-maven-3.8.1\maven-repo\org\springframework\boot\spring-boot-starter-test\1.5.7.RELEASE\spring-boot-starter-test-1.5.7.RELEASE.jar;E:\Enviroment\apache-maven-3.8.1\maven-repo\org\springframework\boot\spring-boot-test\1.5.7.RELEASE\spring-boot-test-1.5.7.RELEASE.jar;E:\Enviroment\apache-maven-3.8.1\maven-repo\org\springframework\boot\spring-boot-test-autoconfigure\1.5.7.RELEASE\spring-boot-test-autoconfigure-1.5.7.RELEASE.jar;E:\Enviroment\apache-maven-3.8.1\maven-repo\com\jayway\jsonpath\json-path\2.2.0\json-path-2.2.0.jar;E:\Enviroment\apache-maven-3.8.1\maven-repo\net\minidev\json-smart\2.2.1\json-smart-2.2.1.jar;E:\Enviroment\apache-maven-3.8.1\maven-repo\net\minidev\accessors-smart\1.1\accessors-smart-1.1.jar;E:\Enviroment\apache-maven-3.8.1\maven-repo\org\ow2\asm\asm\5.0.3\asm-5.0.3.jar;E:\Enviroment\apache-maven-3.8.1\maven-repo\junit\junit\4.12\junit-4.12.jar;E:\Enviroment\apache-maven-3.8.1\maven-repo\org\assertj\assertj-core\2.6.0\assertj-core-2.6.0.jar;E:\Enviroment\apache-maven-3.8.1\maven-repo\org\mockito\mockito-core\1.10.19\mockito-core-1.10.19.jar;E:\Enviroment\apache-maven-3.8.1\maven-repo\org\objenesis\objenesis\2.1\objenesis-2.1.jar;E:\Enviroment\apache-maven-3.8.1\maven-repo\org\hamcrest\hamcrest-core\1.3\hamcrest-core-1.3.jar;E:\Enviroment\apache-maven-3.8.1\maven-repo\org\hamcrest\hamcrest-library\1.3\hamcrest-library-1.3.jar;E:\Enviroment\apache-maven-3.8.1\maven-repo\org\skyscreamer\jsonassert\1.4.0\jsonassert-1.4.0.jar;E:\Enviroment\apache-maven-3.8.1\maven-repo\com\vaadin\external\google\android-json\0.0.20131108.vaadin1\android-json-0.0.20131108.vaadin1.jar;E:\Enviroment\apache-maven-3.8.1\maven-repo\org\springframework\spring-core\4.3.11.RELEASE\spring-core-4.3.11.RELEASE.jar;E:\Enviroment\apache-maven-3.8.1\maven-repo\org\springframework\spring-test\4.3.11.RELEASE\spring-test-4.3.11.RELEASE.jar;, java.specification.name=Java Platform API Specification, java.class.version=52.0, sun.management.compiler=HotSpot 64-Bit Tiered Compilers, maven.repo.local=E:\Enviroment\apache-maven-3.8.1\maven-repo, os.version=10.0, user.home=C:\Users\A, user.timezone=Asia/Shanghai, java.awt.printerjob=sun.awt.windows.WPrinterJob, file.encoding=GBK, java.specification.version=1.8, java.class.path=E:\javacode\csnBlog\target\test-classes;E:\javacode\csnBlog\target\classes;E:\Enviroment\apache-maven-3.8.1\maven-repo\org\springframework\boot\spring-boot-starter-aop\1.5.7.RELEASE\spring-boot-starter-aop-1.5.7.RELEASE.jar;E:\Enviroment\apache-maven-3.8.1\maven-repo\org\springframework\boot\spring-boot-starter\1.5.7.RELEASE\spring-boot-starter-1.5.7.RELEASE.jar;E:\Enviroment\apache-maven-3.8.1\maven-repo\org\springframework\boot\spring-boot-starter-logging\1.5.7.RELEASE\spring-boot-starter-logging-1.5.7.RELEASE.jar;E:\Enviroment\apache-maven-3.8.1\maven-repo\ch\qos\logback\logback-classic\1.1.11\logback-classic-1.1.11.jar;E:\Enviroment\apache-maven-3.8.1\maven-repo\ch\qos\logback\logback-core\1.1.11\logback-core-1.1.11.jar;E:\Enviroment\apache-maven-3.8.1\maven-repo\org\slf4j\jul-to-slf4j\1.7.25\jul-to-slf4j-1.7.25.jar;E:\Enviroment\apache-maven-3.8.1\maven-repo\org\slf4j\log4j-over-slf4j\1.7.25\log4j-over-slf4j-1.7.25.jar;E:\Enviroment\apache-maven-3.8.1\maven-repo\org\yaml\snakeyaml\1.17\snakeyaml-1.17.jar;E:\Enviroment\apache-maven-3.8.1\maven-repo\org\springframework\spring-aop\4.3.11.RELEASE\spring-aop-4.3.11.RELEASE.jar;E:\Enviroment\apache-maven-3.8.1\maven-repo\org\springframework\spring-beans\4.3.11.RELEASE\spring-beans-4.3.11.RELEASE.jar;E:\Enviroment\apache-maven-3.8.1\maven-repo\org\aspectj\aspectjweaver\1.8.10\aspectjweaver-1.8.10.jar;E:\Enviroment\apache-maven-3.8.1\maven-repo\org\springframework\boot\spring-boot-starter-data-jpa\1.5.7.RELEASE\spring-boot-starter-data-jpa-1.5.7.RELEASE.jar;E:\Enviroment\apache-maven-3.8.1\maven-repo\org\springframework\boot\spring-boot-starter-jdbc\1.5.7.RELEASE\spring-boot-starter-jdbc-1.5.7.RELEASE.jar;E:\Enviroment\apache-maven-3.8.1\maven-repo\org\apache\tomcat\tomcat-jdbc\8.5.20\tomcat-jdbc-8.5.20.jar;E:\Enviroment\apache-maven-3.8.1\maven-repo\org\apache\tomcat\tomcat-juli\8.5.20\tomcat-juli-8.5.20.jar;E:\Enviroment\apache-maven-3.8.1\maven-repo\org\springframework\spring-jdbc\4.3.11.RELEASE\spring-jdbc-4.3.11.RELEASE.jar;E:\Enviroment\apache-maven-3.8.1\maven-repo\org\hibernate\hibernate-core\5.0.12.Final\hibernate-core-5.0.12.Final.jar;E:\Enviroment\apache-maven-3.8.1\maven-repo\org\jboss\logging\jboss-logging\3.3.1.Final\jboss-logging-3.3.1.Final.jar;E:\Enviroment\apache-maven-3.8.1\maven-repo\org\hibernate\javax\persistence\hibernate-jpa-2.1-api\1.0.0.Final\hibernate-jpa-2.1-api-1.0.0.Final.jar;E:\Enviroment\apache-maven-3.8.1\maven-repo\org\javassist\javassist\3.21.0-GA\javassist-3.21.0-GA.jar;E:\Enviroment\apache-maven-3.8.1\maven-repo\antlr\antlr\2.7.7\antlr-2.7.7.jar;E:\Enviroment\apache-maven-3.8.1\maven-repo\org\jboss\jandex\2.0.0.Final\jandex-2.0.0.Final.jar;E:\Enviroment\apache-maven-3.8.1\maven-repo\dom4j\dom4j\1.6.1\dom4j-1.6.1.jar;E:\Enviroment\apache-maven-3.8.1\maven-repo\org\hibernate\common\hibernate-commons-annotations\5.0.1.Final\hibernate-commons-annotations-5.0.1.Final.jar;E:\Enviroment\apache-maven-3.8.1\maven-repo\org\hibernate\hibernate-entitymanager\5.0.12.Final\hibernate-entitymanager-5.0.12.Final.jar;E:\Enviroment\apache-maven-3.8.1\maven-repo\javax\transaction\javax.transaction-api\1.2\javax.transaction-api-1.2.jar;E:\Enviroment\apache-maven-3.8.1\maven-repo\org\springframework\data\spring-data-jpa\1.11.7.RELEASE\spring-data-jpa-1.11.7.RELEASE.jar;E:\Enviroment\apache-maven-3.8.1\maven-repo\org\springframework\data\spring-data-commons\1.13.7.RELEASE\spring-data-commons-1.13.7.RELEASE.jar;E:\Enviroment\apache-maven-3.8.1\maven-repo\org\springframework\spring-orm\4.3.11.RELEASE\spring-orm-4.3.11.RELEASE.jar;E:\Enviroment\apache-maven-3.8.1\maven-repo\org\springframework\spring-context\4.3.11.RELEASE\spring-context-4.3.11.RELEASE.jar;E:\Enviroment\apache-maven-3.8.1\maven-repo\org\springframework\spring-tx\4.3.11.RELEASE\spring-tx-4.3.11.RELEASE.jar;E:\Enviroment\apache-maven-3.8.1\maven-repo\org\slf4j\slf4j-api\1.7.25\slf4j-api-1.7.25.jar;E:\Enviroment\apache-maven-3.8.1\maven-repo\org\slf4j\jcl-over-slf4j\1.7.25\jcl-over-slf4j-1.7.25.jar;E:\Enviroment\apache-maven-3.8.1\maven-repo\org\springframework\spring-aspects\4.3.11.RELEASE\spring-aspects-4.3.11.RELEASE.jar;E:\Enviroment\apache-maven-3.8.1\maven-repo\org\springframework\boot\spring-boot-starter-thymeleaf\1.5.7.RELEASE\spring-boot-starter-thymeleaf-1.5.7.RELEASE.jar;E:\Enviroment\apache-maven-3.8.1\maven-repo\org\thymeleaf\thymeleaf-spring4\3.0.2.RELEASE\thymeleaf-spring4-3.0.2.RELEASE.jar;E:\Enviroment\apache-maven-3.8.1\maven-repo\org\thymeleaf\thymeleaf\3.0.2.RELEASE\thymeleaf-3.0.2.RELEASE.jar;E:\Enviroment\apache-maven-3.8.1\maven-repo\org\attoparser\attoparser\2.0.1.RELEASE\attoparser-2.0.1.RELEASE.jar;E:\Enviroment\apache-maven-3.8.1\maven-repo\org\unbescape\unbescape\1.1.4.RELEASE\unbescape-1.1.4.RELEASE.jar;E:\Enviroment\apache-maven-3.8.1\maven-repo\nz\net\ultraq\thymeleaf\thymeleaf-layout-dialect\2.1.1\thymeleaf-layout-dialect-2.1.1.jar;E:\Enviroment\apache-maven-3.8.1\maven-repo\org\codehaus\groovy\groovy\2.4.12\groovy-2.4.12.jar;E:\Enviroment\apache-maven-3.8.1\maven-repo\nz\net\ultraq\thymeleaf\thymeleaf-expression-processor\1.1.2\thymeleaf-expression-processor-1.1.2.jar;E:\Enviroment\apache-maven-3.8.1\maven-repo\org\springframework\boot\spring-boot-starter-web\1.5.7.RELEASE\spring-boot-starter-web-1.5.7.RELEASE.jar;E:\Enviroment\apache-maven-3.8.1\maven-repo\org\springframework\boot\spring-boot-starter-tomcat\1.5.7.RELEASE\spring-boot-starter-tomcat-1.5.7.RELEASE.jar;E:\Enviroment\apache-maven-3.8.1\maven-repo\org\apache\tomcat\embed\tomcat-embed-core\8.5.20\tomcat-embed-core-8.5.20.jar;E:\Enviroment\apache-maven-3.8.1\maven-repo\org\apache\tomcat\embed\tomcat-embed-el\8.5.20\tomcat-embed-el-8.5.20.jar;E:\Enviroment\apache-maven-3.8.1\maven-repo\org\apache\tomcat\embed\tomcat-embed-websocket\8.5.20\tomcat-embed-websocket-8.5.20.jar;E:\Enviroment\apache-maven-3.8.1\maven-repo\org\hibernate\hibernate-validator\5.3.5.Final\hibernate-validator-5.3.5.Final.jar;E:\Enviroment\apache-maven-3.8.1\maven-repo\javax\validation\validation-api\1.1.0.Final\validation-api-1.1.0.Final.jar;E:\Enviroment\apache-maven-3.8.1\maven-repo\com\fasterxml\classmate\1.3.4\classmate-1.3.4.jar;E:\Enviroment\apache-maven-3.8.1\maven-repo\com\fasterxml\jackson\core\jackson-databind\2.8.10\jackson-databind-2.8.10.jar;E:\Enviroment\apache-maven-3.8.1\maven-repo\com\fasterxml\jackson\core\jackson-annotations\2.8.0\jackson-annotations-2.8.0.jar;E:\Enviroment\apache-maven-3.8.1\maven-repo\com\fasterxml\jackson\core\jackson-core\2.8.10\jackson-core-2.8.10.jar;E:\Enviroment\apache-maven-3.8.1\maven-repo\org\springframework\spring-web\4.3.11.RELEASE\spring-web-4.3.11.RELEASE.jar;E:\Enviroment\apache-maven-3.8.1\maven-repo\org\springframework\spring-webmvc\4.3.11.RELEASE\spring-webmvc-4.3.11.RELEASE.jar;E:\Enviroment\apache-maven-3.8.1\maven-repo\org\springframework\spring-expression\4.3.11.RELEASE\spring-expression-4.3.11.RELEASE.jar;E:\Enviroment\apache-maven-3.8.1\maven-repo\org\springframework\boot\spring-boot-devtools\1.5.7.RELEASE\spring-boot-devtools-1.5.7.RELEASE.jar;E:\Enviroment\apache-maven-3.8.1\maven-repo\org\springframework\boot\spring-boot\1.5.7.RELEASE\spring-boot-1.5.7.RELEASE.jar;E:\Enviroment\apache-maven-3.8.1\maven-repo\org\springframework\boot\spring-boot-autoconfigure\1.5.7.RELEASE\spring-boot-autoconfigure-1.5.7.RELEASE.jar;E:\Enviroment\apache-maven-3.8.1\maven-repo\mysql\mysql-connector-java\8.0.20\mysql-connector-java-8.0.20.jar;E:\Enviroment\apache-maven-3.8.1\maven-repo\com\google\protobuf\protobuf-java\3.6.1\protobuf-java-3.6.1.jar;E:\Enviroment\apache-maven-3.8.1\maven-repo\org\springframework\boot\spring-boot-starter-test\1.5.7.RELEASE\spring-boot-starter-test-1.5.7.RELEASE.jar;E:\Enviroment\apache-maven-3.8.1\maven-repo\org\springframework\boot\spring-boot-test\1.5.7.RELEASE\spring-boot-test-1.5.7.RELEASE.jar;E:\Enviroment\apache-maven-3.8.1\maven-repo\org\springframework\boot\spring-boot-test-autoconfigure\1.5.7.RELEASE\spring-boot-test-autoconfigure-1.5.7.RELEASE.jar;E:\Enviroment\apache-maven-3.8.1\maven-repo\com\jayway\jsonpath\json-path\2.2.0\json-path-2.2.0.jar;E:\Enviroment\apache-maven-3.8.1\maven-repo\net\minidev\json-smart\2.2.1\json-smart-2.2.1.jar;E:\Enviroment\apache-maven-3.8.1\maven-repo\net\minidev\accessors-smart\1.1\accessors-smart-1.1.jar;E:\Enviroment\apache-maven-3.8.1\maven-repo\org\ow2\asm\asm\5.0.3\asm-5.0.3.jar;E:\Enviroment\apache-maven-3.8.1\maven-repo\junit\junit\4.12\junit-4.12.jar;E:\Enviroment\apache-maven-3.8.1\maven-repo\org\assertj\assertj-core\2.6.0\assertj-core-2.6.0.jar;E:\Enviroment\apache-maven-3.8.1\maven-repo\org\mockito\mockito-core\1.10.19\mockito-core-1.10.19.jar;E:\Enviroment\apache-maven-3.8.1\maven-repo\org\objenesis\objenesis\2.1\objenesis-2.1.jar;E:\Enviroment\apache-maven-3.8.1\maven-repo\org\hamcrest\hamcrest-core\1.3\hamcrest-core-1.3.jar;E:\Enviroment\apache-maven-3.8.1\maven-repo\org\hamcrest\hamcrest-library\1.3\hamcrest-library-1.3.jar;E:\Enviroment\apache-maven-3.8.1\maven-repo\org\skyscreamer\jsonassert\1.4.0\jsonassert-1.4.0.jar;E:\Enviroment\apache-maven-3.8.1\maven-repo\com\vaadin\external\google\android-json\0.0.20131108.vaadin1\android-json-0.0.20131108.vaadin1.jar;E:\Enviroment\apache-maven-3.8.1\maven-repo\org\springframework\spring-core\4.3.11.RELEASE\spring-core-4.3.11.RELEASE.jar;E:\Enviroment\apache-maven-3.8.1\maven-repo\org\springframework\spring-test\4.3.11.RELEASE\spring-test-4.3.11.RELEASE.jar;, user.name=A, java.vm.specification.version=1.8, sun.java.command=E:\javacode\csnBlog\target\surefire\surefirebooter1378324090652275872.jar E:\javacode\csnBlog\target\surefire\surefire3241116603899857923tmp E:\javacode\csnBlog\target\surefire\surefire_0169512998318738055tmp, java.home=C:\Users\A\.jdks\corretto-1.8.0_292\jre, sun.arch.data.model=64, user.language=en, java.specification.vendor=Oracle Co
[...]
	at org.apache.maven.surefire.booter.ForkedBooter.runSuitesInProcess(ForkedBooter.java:155)
	at org.apache.maven.surefire.booter.ForkedBooter.main(ForkedBooter.java:103)
Caused by: com.mysql.cj.exceptions.CJCommunicationsException: Communications link failure

The last packet sent successfully to the server was 0 milliseconds ago. The driver has not received any packets from the server.
	at sun.reflect.NativeConstructorAccessorImpl.newInstance0(Native Method)
	at sun.reflect.NativeConstructorAccessorImpl.newInstance(NativeConstructorAccessorImpl.java:62)
	at sun.reflect.DelegatingConstructorAccessorImpl.newInstance(DelegatingConstructorAccessorImpl.java:45)
	at java.lang.reflect.Constructor.newInstance(Constructor.java:423)
	at com.mysql.cj.exceptions.ExceptionFactory.createException(ExceptionFactory.java:61)
	at com.mysql.cj.exceptions.ExceptionFactory.createException(ExceptionFactory.java:105)
	at com.mysql.cj.exceptions.ExceptionFactory.createException(ExceptionFactory.java:151)
	at com.mysql.cj.exceptions.ExceptionFactory.createCommunicationsException(ExceptionFactory.java:167)
	at com.mysql.cj.protocol.a.NativeSocketConnection.connect(NativeSocketConnection.java:91)
	at com.mysql.cj.NativeSession.connect(NativeSession.java:144)
	at com.mysql.cj.jdbc.ConnectionImpl.connectOneTryOnly(ConnectionImpl.java:956)
	at com.mysql.cj.jdbc.ConnectionImpl.createNewIO(ConnectionImpl.java:826)
	... 75 common frames omitted
Caused by: java.net.UnknownHostException: mysqldb
	at java.net.InetAddress.getAllByName0(InetAddress.java:1281)
	at java.net.InetAddress.getAllByName(InetAddress.java:1193)
	at java.net.InetAddress.getAllByName(InetAddress.java:1127)
	at com.mysql.cj.protocol.StandardSocketFactory.connect(StandardSocketFactory.java:132)
	at com.mysql.cj.protocol.a.NativeSocketConnection.connect(NativeSocketConnection.java:65)
	... 78 common frames omitted

2021-09-09 22:41:15.170  WARN 16024 --- [           main] o.h.e.j.e.i.JdbcEnvironmentInitiator     : HHH000342: Could not obtain connection to query metadata : Communications link failure

The last packet sent successfully to the server was 0 milliseconds ago. The driver has not received any packets from the server.
2021-09-09 22:41:15.172  WARN 16024 --- [           main] o.s.w.c.s.GenericWebApplicationContext   : Exception encountered during context initialization - cancelling refresh attempt: org.springframework.beans.factory.BeanCreationException: Error creating bean with name 'entityManagerFactory' defined in class path resource [org/springframework/boot/autoconfigure/orm/jpa/HibernateJpaAutoConfiguration.class]: Invocation of init method failed; nested exception is org.hibernate.service.spi.ServiceException: Unable to create requested service [org.hibernate.engine.jdbc.env.spi.JdbcEnvironment]
2021-09-09 22:41:15.178  INFO 16024 --- [           main] utoConfigurationReportLoggingInitializer : 

Error starting ApplicationContext. To display the auto-configuration report re-run your application with 'debug' enabled.
2021-09-09 22:41:15.180 ERROR 16024 --- [           main] o.s.boot.SpringApplication               : Application startup failed

org.springframework.beans.factory.BeanCreationException: Error creating bean with name 'entityManagerFactory' defined in class path resource [org/springframework/boot/autoconfigure/orm/jpa/HibernateJpaAutoConfiguration.class]: Invocation of init method failed; nested exception is org.hibernate.service.spi.ServiceException: Unable to create requested service [org.hibernate.engine.jdbc.env.spi.JdbcEnvironment]
	at org.springframework.beans.factory.support.AbstractAutowireCapableBeanFactory.initializeBean(AbstractAutowireCapableBeanFactory.java:1628)
	at org.springframework.beans.factory.support.AbstractAutowireCapableBeanFactory.doCreateBean(AbstractAutowireCapableBeanFactory.java:555)
	at org.springframework.beans.factory.support.AbstractAutowireCapableBeanFactory.createBean(AbstractAutowireCapableBeanFactory.java:483)
	at org.springframework.beans.factory.support.AbstractBeanFactory$1.getObject(AbstractBeanFactory.java:306)
	at org.springframework.beans.factory.support.DefaultSingletonBeanRegistry.getSingleton(DefaultSingletonBeanRegistry.java:230)
	at org.springframework.beans.factory.support.AbstractBeanFactory.doGetBean(AbstractBeanFactory.java:302)
	at org.springframework.beans.factory.support.AbstractBeanFactory.getBean(AbstractBeanFactory.java:197)
	at org.springframework.context.support.AbstractApplicationContext.getBean(AbstractApplicationContext.java:1078)
	at org.springframework.context.support.AbstractApplicationContext.finishBeanFactoryInitialization(AbstractApplicationContext.java:857)
	at org.springframework.context.support.AbstractApplicationContext.refresh(AbstractApplicationContext.java:543)
	at org.springframework.boot.SpringApplication.refresh(SpringApplication.java:693)
	at org.springframework.boot.SpringApplication.refreshContext(SpringApplication.java:360)
	at org.springframework.boot.SpringApplication.run(SpringApplication.java:303)
	at org.springframework.boot.test.context.SpringBootContextLoader.loadContext(SpringBootContextLoader.java:120)
	at org.springframework.test.context.cache.DefaultCacheAwareContextLoaderDelegate.loadContextInternal(DefaultCacheAwareContextLoaderDelegate.java:98)
	at org.springframework.test.context.cache.DefaultCacheAwareContextLoaderDelegate.loadContext(DefaultCacheAwareContextLoaderDelegate.java:116)
	at org.springframework.test.context.support.DefaultTestContext.getApplicationContext(DefaultTestContext.java:83)
	at org.springframework.test.context.web.ServletTestExecutionListener.setUpRequestContextIfNecessary(ServletTestExecutionListener.java:189)
	at org.springframework.test.context.web.ServletTestExecutionListener.prepareTestInstance(ServletTestExecutionListener.java:131)
	at org.springframework.test.context.TestContextManager.prepareTestInstance(TestContextManager.java:230)
	at org.springframework.test.context.junit4.SpringJUnit4ClassRunner.createTest(SpringJUnit4ClassRunner.java:228)
	at org.springframework.test.context.junit4.SpringJUnit4ClassRunner$1.runReflectiveCall(SpringJUnit4ClassRunner.java:287)
	at org.junit.internal.runners.model.ReflectiveCallable.run(ReflectiveCallable.java:12)
	at org.springframework.test.context.junit4.SpringJUnit4ClassRunner.methodBlock(SpringJUnit4ClassRunner.java:289)
	at org.springframework.test.context.junit4.SpringJUnit4ClassRunner.runChild(SpringJUnit4ClassRunner.java:247)
	at org.springframework.test.context.junit4.SpringJUnit4ClassRunner.runChild(SpringJUnit4ClassRunner.java:94)
	at org.junit.runners.ParentRunner$3.run(ParentRunner.java:290)
	at org.junit.runners.ParentRunner$1.schedule(ParentRunner.java:71)
	at org.junit.runners.ParentRunner.runChildren(ParentRunner.java:288)
	at org.junit.runners.ParentRunner.access$000(ParentRunner.java:58)
	at org.junit.runners.ParentRunner$2.evaluate(ParentRunner.java:268)
	at org.springframework.test.context.junit4.statements.RunBeforeTestClassCallbacks.evaluate(RunBeforeTestClassCallbacks.java:61)
	at org.springframework.test.context.junit4.statements.RunAfterTestClassCallbacks.evaluate(RunAfterTestClassCallbacks.java:70)
	at org.junit.runners.ParentRunner.run(ParentRunner.java:363)
	at org.springframework.test.context.junit4.SpringJUnit4ClassRunner.run(SpringJUnit4ClassRunner.java:191)
	at org.apache.maven.surefire.junit4.JUnit4Provider.execute(JUnit4Provider.java:283)
	at org.apache.maven.surefire.junit4.JUnit4Provider.executeWithRerun(JUnit4Provider.java:173)
	at org.apache.maven.surefire.junit4.JUnit4Provider.executeTestSet(JUnit4Provider.java:153)
	at org.apache.maven.surefire.junit4.JUnit4Provider.invoke(JUnit4Provider.java:128)
	at org.apache.maven.surefire.booter.ForkedBooter.invokeProviderInSameClassLoader(ForkedBooter.java:203)
	at org.apache.maven.surefire.booter.ForkedBooter.runSuitesInProcess(ForkedBooter.java:155)
	at org.apache.maven.surefire.booter.ForkedBooter.main(ForkedBooter.java:103)
Caused by: org.hibernate.service.spi.ServiceException: Unable to create requested service [org.hibernate.engine.jdbc.env.spi.JdbcEnvironment]
	at org.hibernate.service.internal.AbstractServiceRegistryImpl.createService(AbstractServiceRegistryImpl.java:264)
	at org.hibernate.service.internal.AbstractServiceRegistryImpl.initializeService(AbstractServiceRegistryImpl.java:228)
	at org.hibernate.service.internal.AbstractServiceRegistryImpl.getService(AbstractServiceRegistryImpl.java:207)
	at org.hibernate.engine.jdbc.internal.JdbcServicesImpl.configure(JdbcServicesImpl.java:51)
	at org.hibernate.boot.registry.internal.StandardServiceRegistryImpl.configureService(StandardServiceRegistryImpl.java:94)
	at org.hibernate.service.internal.AbstractServiceRegistryImpl.initializeService(AbstractServiceRegistryImpl.java:237)
	at org.hibernate.service.internal.AbstractServiceRegistryImpl.getService(AbstractServiceRegistryImpl.java:207)
	at org.hibernate.boot.model.process.spi.MetadataBuildingProcess.handleTypes(MetadataBuildingProcess.java:352)
	at org.hibernate.boot.model.process.spi.MetadataBuildingProcess.complete(MetadataBuildingProcess.java:111)
	at org.hibernate.jpa.boot.internal.EntityManagerFactoryBuilderImpl.metadata(EntityManagerFactoryBuilderImpl.java:847)
	at org.hibernate.jpa.boot.internal.EntityManagerFactoryBuilderImpl.build(EntityManagerFactoryBuilderImpl.java:874)
	at org.springframework.orm.jpa.vendor.SpringHibernateJpaPersistenceProvider.createContainerEntityManagerFactory(SpringHibernateJpaPersistenceProvider.java:60)
	at org.springframework.orm.jpa.LocalContainerEntityManagerFactoryBean.createNativeEntityManagerFactory(LocalContainerEntityManagerFactoryBean.java:353)
	at org.springframework.orm.jpa.AbstractEntityManagerFactoryBean.buildNativeEntityManagerFactory(AbstractEntityManagerFactoryBean.java:370)
	at org.springframework.orm.jpa.AbstractEntityManagerFactoryBean.afterPropertiesSet(AbstractEntityManagerFactoryBean.java:359)
	at org.springframework.beans.factory.support.AbstractAutowireCapableBeanFactory.invokeInitMethods(AbstractAutowireCapableBeanFactory.java:1687)
	at org.springframework.beans.factory.support.AbstractAutowireCapableBeanFactory.initializeBean(AbstractAutowireCapableBeanFactory.java:1624)
	... 41 common frames omitted
Caused by: org.hibernate.HibernateException: Access to DialectResolutionInfo cannot be null when 'hibernate.dialect' not set
	at org.hibernate.engine.jdbc.dialect.internal.DialectFactoryImpl.determineDialect(DialectFactoryImpl.java:100)
	at org.hibernate.engine.jdbc.dialect.internal.DialectFactoryImpl.buildDialect(DialectFactoryImpl.java:54)
	at org.hibernate.engine.jdbc.env.internal.JdbcEnvironmentInitiator.initiateService(JdbcEnvironmentInitiator.java:137)
	at org.hibernate.engine.jdbc.env.internal.JdbcEnvironmentInitiator.initiateService(JdbcEnvironmentInitiator.java:35)
	at org.hibernate.boot.registry.internal.StandardServiceRegistryImpl.initiateService(StandardServiceRegistryImpl.java:88)
	at org.hibernate.service.internal.AbstractServiceRegistryImpl.createService(AbstractServiceRegistryImpl.java:254)
	... 57 common frames omitted

2021-09-09 22:41:15.182 ERROR 16024 --- [           main] o.s.test.context.TestContextManager      : Caught exception while allowing TestExecutionListener [org.springframework.test.context.web.ServletTestExecutionListener@564718df] to prepare test instance [com.Rioa.BlogApplicationTests@5b40de43]

java.lang.IllegalStateException: Failed to load ApplicationContext
	at org.springframework.test.context.cache.DefaultCacheAwareContextLoaderDelegate.loadContext(DefaultCacheAwareContextLoaderDelegate.java:124)
	at org.springframework.test.context.support.DefaultTestContext.getApplicationContext(DefaultTestContext.java:83)
	at org.springframework.test.context.web.ServletTestExecutionListener.setUpRequestContextIfNecessary(ServletTestExecutionListener.java:189)
	at org.springframework.test.context.web.ServletTestExecutionListener.prepareTestInstance(ServletTestExecutionListener.java:131)
	at org.springframework.test.context.TestContextManager.prepareTestInstance(TestContextManager.java:230)
	at org.springframework.test.context.junit4.SpringJUnit4ClassRunner.createTest(SpringJUnit4ClassRunner.java:228)
	at org.springframework.test.context.junit4.SpringJUnit4ClassRunner$1.runReflectiveCall(SpringJUnit4ClassRunner.java:287)
	at org.junit.internal.runners.model.ReflectiveCallable.run(ReflectiveCallable.java:12)
	at org.springframework.test.context.junit4.SpringJUnit4ClassRunner.methodBlock(SpringJUnit4ClassRunner.java:289)
	at org.springframework.test.context.junit4.SpringJUnit4ClassRunner.runChild(SpringJUnit4ClassRunner.java:247)
	at org.springframework.test.context.junit4.SpringJUnit4ClassRunner.runChild(SpringJUnit4ClassRunner.java:94)
	at org.junit.runners.ParentRunner$3.run(ParentRunner.java:290)
	at org.junit.runners.ParentRunner$1.schedule(ParentRunner.java:71)
	at org.junit.runners.ParentRunner.runChildren(ParentRunner.java:288)
	at org.junit.runners.ParentRunner.access$000(ParentRunner.java:58)
	at org.junit.runners.ParentRunner$2.evaluate(ParentRunner.java:268)
	at org.springframework.test.context.junit4.statements.RunBeforeTestClassCallbacks.evaluate(RunBeforeTestClassCallbacks.java:61)
	at org.springframework.test.context.junit4.statements.RunAfterTestClassCallbacks.evaluate(RunAfterTestClassCallbacks.java:70)
	at org.junit.runners.ParentRunner.run(ParentRunner.java:363)
	at org.springframework.test.context.junit4.SpringJUnit4ClassRunner.run(SpringJUnit4ClassRunner.java:191)
	at org.apache.maven.surefire.junit4.JUnit4Provider.execute(JUnit4Provider.java:283)
	at org.apache.maven.surefire.junit4.JUnit4Provider.executeWithRerun(JUnit4Provider.java:173)
	at org.apache.maven.surefire.junit4.JUnit4Provider.executeTestSet(JUnit4Provider.java:153)
	at org.apache.maven.surefire.junit4.JUnit4Provider.invoke(JUnit4Provider.java:128)
	at org.apache.maven.surefire.booter.ForkedBooter.invokeProviderInSameClassLoader(ForkedBooter.java:203)
	at org.apache.maven.surefire.booter.ForkedBooter.runSuitesInProcess(ForkedBooter.java:155)
	at org.apache.maven.surefire.booter.ForkedBooter.main(ForkedBooter.java:103)
Caused by: org.springframework.beans.factory.BeanCreationException: Error creating bean with name 'entityManagerFactory' defined in class path resource [org/springframework/boot/autoconfigure/orm/jpa/HibernateJpaAutoConfiguration.class]: Invocation of init method failed; nested exception is org.hibernate.service.spi.ServiceException: Unable to create requested service [org.hibernate.engine.jdbc.env.spi.JdbcEnvironment]
	at org.springframework.beans.factory.support.AbstractAutowireCapableBeanFactory.initializeBean(AbstractAutowireCapableBeanFactory.java:1628)
	at org.springframework.beans.factory.support.AbstractAutowireCapableBeanFactory.doCreateBean(AbstractAutowireCapableBeanFactory.java:555)
	at org.springframework.beans.factory.support.AbstractAutowireCapableBeanFactory.createBean(AbstractAutowireCapableBeanFactory.java:483)
	at org.springframework.beans.factory.support.AbstractBeanFactory$1.getObject(AbstractBeanFactory.java:306)
	at org.springframework.beans.factory.support.DefaultSingletonBeanRegistry.getSingleton(DefaultSingletonBeanRegistry.java:230)
	at org.springframework.beans.factory.support.AbstractBeanFactory.doGetBean(AbstractBeanFactory.java:302)
	at org.springframework.beans.factory.support.AbstractBeanFactory.getBean(AbstractBeanFactory.java:197)
	at org.springframework.context.support.AbstractApplicationContext.getBean(AbstractApplicationContext.java:1078)
	at org.springframework.context.support.AbstractApplicationContext.finishBeanFactoryInitialization(AbstractApplicationContext.java:857)
	at org.springframework.context.support.AbstractApplicationContext.refresh(AbstractApplicationContext.java:543)
	at org.springframework.boot.SpringApplication.refresh(SpringApplication.java:693)
	at org.springframework.boot.SpringApplication.refreshContext(SpringApplication.java:360)
	at org.springframework.boot.SpringApplication.run(SpringApplication.java:303)
	at org.springframework.boot.test.context.SpringBootContextLoader.loadContext(SpringBootContextLoader.java:120)
	at org.springframework.test.context.cache.DefaultCacheAwareContextLoaderDelegate.loadContextInternal(DefaultCacheAwareContextLoaderDelegate.java:98)
	at org.springframework.test.context.cache.DefaultCacheAwareContextLoaderDelegate.loadContext(DefaultCacheAwareContextLoaderDelegate.java:116)
	... 26 common frames omitted
Caused by: org.hibernate.service.spi.ServiceException: Unable to create requested service [org.hibernate.engine.jdbc.env.spi.JdbcEnvironment]
	at org.hibernate.service.internal.AbstractServiceRegistryImpl.createService(AbstractServiceRegistryImpl.java:264)
	at org.hibernate.service.internal.AbstractServiceRegistryImpl.initializeService(AbstractServiceRegistryImpl.java:228)
	at org.hibernate.service.internal.AbstractServiceRegistryImpl.getService(AbstractServiceRegistryImpl.java:207)
	at org.hibernate.engine.jdbc.internal.JdbcServicesImpl.configure(JdbcServicesImpl.java:51)
	at org.hibernate.boot.registry.internal.StandardServiceRegistryImpl.configureService(StandardServiceRegistryImpl.java:94)
	at org.hibernate.service.internal.AbstractServiceRegistryImpl.initializeService(AbstractServiceRegistryImpl.java:237)
	at org.hibernate.service.internal.AbstractServiceRegistryImpl.getService(AbstractServiceRegistryImpl.java:207)
	at org.hibernate.boot.model.process.spi.MetadataBuildingProcess.handleTypes(MetadataBuildingProcess.java:352)
	at org.hibernate.boot.model.process.spi.MetadataBuildingProcess.complete(MetadataBuildingProcess.java:111)
	at org.hibernate.jpa.boot.internal.EntityManagerFactoryBuilderImpl.metadata(EntityManagerFactoryBuilderImpl.java:847)
	at org.hibernate.jpa.boot.internal.EntityManagerFactoryBuilderImpl.build(EntityManagerFactoryBuilderImpl.java:874)
	at org.springframework.orm.jpa.vendor.SpringHibernateJpaPersistenceProvider.createContainerEntityManagerFactory(SpringHibernateJpaPersistenceProvider.java:60)
	at org.springframework.orm.jpa.LocalContainerEntityManagerFactoryBean.createNativeEntityManagerFactory(LocalContainerEntityManagerFactoryBean.java:353)
	at org.springframework.orm.jpa.AbstractEntityManagerFactoryBean.buildNativeEntityManagerFactory(AbstractEntityManagerFactoryBean.java:370)
	at org.springframework.orm.jpa.AbstractEntityManagerFactoryBean.afterPropertiesSet(AbstractEntityManagerFactoryBean.java:359)
	at org.springframework.beans.factory.support.AbstractAutowireCapableBeanFactory.invokeInitMethods(AbstractAutowireCapableBeanFactory.java:1687)
	at org.springframework.beans.factory.support.AbstractAutowireCapableBeanFactory.initializeBean(AbstractAutowireCapableBeanFactory.java:1624)
	... 41 common frames omitted
Caused by: org.hibernate.HibernateException: Access to DialectResolutionInfo cannot be null when 'hibernate.dialect' not set
	at org.hibernate.engine.jdbc.dialect.internal.DialectFactoryImpl.determineDialect(DialectFactoryImpl.java:100)
	at org.hibernate.engine.jdbc.dialect.internal.DialectFactoryImpl.buildDialect(DialectFactoryImpl.java:54)
	at org.hibernate.engine.jdbc.env.internal.JdbcEnvironmentInitiator.initiateService(JdbcEnvironmentInitiator.java:137)
	at org.hibernate.engine.jdbc.env.internal.JdbcEnvironmentInitiator.initiateService(JdbcEnvironmentInitiator.java:35)
	at org.hibernate.boot.registry.internal.StandardServiceRegistryImpl.initiateService(StandardServiceRegistryImpl.java:88)
	at org.hibernate.service.internal.AbstractServiceRegistryImpl.createService(AbstractServiceRegistryImpl.java:254)
	... 57 common frames omitted

]]></system-out>
    <system-err><![CDATA[Loading class `com.mysql.jdbc.Driver'. This is deprecated. The new driver class is `com.mysql.cj.jdbc.Driver'. The driver is automatically registered via the SPI and manual loading of the driver class is generally unnecessary.
]]></system-err>
  </testcase>
</testsuite>